<?xml version="1.0" encoding="UTF-8"?>
<coverage generated="1770913718467" clover="3.2.0">
  <project timestamp="1770913718467" name="All files">
    <metrics statements="291" coveredstatements="244" conditionals="192" coveredconditionals="153" methods="88" coveredmethods="80" elements="571" coveredelements="477" complexity="0" loc="291" ncloc="291" packages="6" files="8" classes="8"/>
    <package name="example.src">
      <metrics statements="57" coveredstatements="46" conditionals="24" coveredconditionals="18" methods="28" coveredmethods="23"/>
      <file name="App.tsx" path="/Users/tolu/Desktop/dev/rn-bottom-sheet/example/src/App.tsx">
        <metrics statements="57" coveredstatements="46" conditionals="24" coveredconditionals="18" methods="28" coveredmethods="23"/>
        <line num="16" count="1" type="stmt"/>
        <line num="17" count="1" type="stmt"/>
        <line num="23" count="0" type="cond" truecount="0" falsecount="2"/>
        <line num="24" count="0" type="stmt"/>
        <line num="35" count="1" type="stmt"/>
        <line num="45" count="8" type="stmt"/>
        <line num="46" count="8" type="stmt"/>
        <line num="47" count="8" type="stmt"/>
        <line num="48" count="8" type="stmt"/>
        <line num="49" count="8" type="stmt"/>
        <line num="50" count="8" type="stmt"/>
        <line num="51" count="8" type="stmt"/>
        <line num="53" count="8" type="stmt"/>
        <line num="54" count="8" type="stmt"/>
        <line num="56" count="8" type="stmt"/>
        <line num="58" count="8" type="stmt"/>
        <line num="63" count="8" type="cond" truecount="1" falsecount="1"/>
        <line num="65" count="8" type="stmt"/>
        <line num="67" count="2" type="stmt"/>
        <line num="72" count="8" type="stmt"/>
        <line num="74" count="2" type="stmt"/>
        <line num="75" count="2" type="stmt"/>
        <line num="76" count="2" type="stmt"/>
        <line num="81" count="8" type="stmt"/>
        <line num="82" count="8" type="stmt"/>
        <line num="84" count="8" type="stmt"/>
        <line num="85" count="1" type="stmt"/>
        <line num="86" count="1" type="stmt"/>
        <line num="89" count="8" type="stmt"/>
        <line num="92" count="0" type="stmt"/>
        <line num="93" count="0" type="stmt"/>
        <line num="96" count="0" type="stmt"/>
        <line num="97" count="0" type="stmt"/>
        <line num="98" count="0" type="stmt"/>
        <line num="103" count="8" type="stmt"/>
        <line num="104" count="1" type="stmt"/>
        <line num="107" count="8" type="stmt"/>
        <line num="110" count="8" type="cond" truecount="1" falsecount="1"/>
        <line num="111" count="8" type="stmt"/>
        <line num="113" count="0" type="stmt"/>
        <line num="116" count="8" type="stmt"/>
        <line num="136" count="1" type="stmt"/>
        <line num="138" count="1" type="stmt"/>
        <line num="140" count="0" type="stmt"/>
        <line num="142" count="0" type="stmt"/>
        <line num="144" count="1" type="stmt"/>
        <line num="148" count="1" type="stmt"/>
        <line num="153" count="1" type="stmt"/>
        <line num="158" count="1" type="stmt"/>
        <line num="179" count="1" type="stmt"/>
        <line num="180" count="1" type="stmt"/>
        <line num="181" count="1" type="stmt"/>
        <line num="182" count="1" type="stmt"/>
        <line num="192" count="1" type="stmt"/>
        <line num="197" count="1" type="stmt"/>
        <line num="201" count="0" type="stmt"/>
        <line num="208" count="1" type="stmt"/>
      </file>
    </package>
    <package name="src">
      <metrics statements="1" coveredstatements="1" conditionals="0" coveredconditionals="0" methods="0" coveredmethods="0"/>
      <file name="index.tsx" path="/Users/tolu/Desktop/dev/rn-bottom-sheet/src/index.tsx">
        <metrics statements="1" coveredstatements="1" conditionals="0" coveredconditionals="0" methods="0" coveredmethods="0"/>
        <line num="33" count="1" type="stmt"/>
      </file>
    </package>
    <package name="src.components">
      <metrics statements="101" coveredstatements="84" conditionals="62" coveredconditionals="49" methods="28" coveredmethods="28"/>
      <file name="BottomSheet.tsx" path="/Users/tolu/Desktop/dev/rn-bottom-sheet/src/components/BottomSheet.tsx">
        <metrics statements="67" coveredstatements="51" conditionals="34" coveredconditionals="23" methods="16" coveredmethods="16"/>
        <line num="37" count="5" type="stmt"/>
        <line num="39" count="22" type="stmt"/>
        <line num="40" count="22" type="stmt"/>
        <line num="58" count="22" type="stmt"/>
        <line num="60" count="22" type="stmt"/>
        <line num="61" count="14" type="cond" truecount="4" falsecount="0"/>
        <line num="62" count="6" type="stmt"/>
        <line num="64" count="8" type="stmt"/>
        <line num="66" count="22" type="stmt"/>
        <line num="68" count="22" type="stmt"/>
        <line num="69" count="14" type="stmt"/>
        <line num="72" count="22" type="stmt"/>
        <line num="73" count="14" type="stmt"/>
        <line num="76" count="22" type="stmt"/>
        <line num="77" count="14" type="stmt"/>
        <line num="80" count="22" type="stmt"/>
        <line num="81" count="16" type="stmt"/>
        <line num="85" count="22" type="cond" truecount="2" falsecount="0"/>
        <line num="89" count="22" type="stmt"/>
        <line num="90" count="14" type="stmt"/>
        <line num="93" count="22" type="stmt"/>
        <line num="95" count="6" type="cond" truecount="2" falsecount="0"/>
        <line num="96" count="2" type="stmt"/>
        <line num="98" count="6" type="stmt"/>
        <line num="102" count="22" type="stmt"/>
        <line num="104" count="2" type="stmt"/>
        <line num="108" count="22" type="stmt"/>
        <line num="110" count="14" type="stmt"/>
        <line num="119" count="22" type="stmt"/>
        <line num="120" count="14" type="cond" truecount="1" falsecount="1"/>
        <line num="121" count="0" type="stmt"/>
        <line num="125" count="22" type="stmt"/>
        <line num="127" count="6" type="stmt"/>
        <line num="129" count="4" type="cond" truecount="1" falsecount="1"/>
        <line num="130" count="0" type="cond" truecount="0" falsecount="2"/>
        <line num="131" count="0" type="stmt"/>
        <line num="133" count="0" type="stmt"/>
        <line num="134" count="0" type="stmt"/>
        <line num="135" count="0" type="stmt"/>
        <line num="138" count="4" type="cond" truecount="2" falsecount="0"/>
        <line num="139" count="2" type="stmt"/>
        <line num="140" count="2" type="stmt"/>
        <line num="143" count="2" type="stmt"/>
        <line num="144" count="2" type="stmt"/>
        <line num="147" count="3" type="cond" truecount="1" falsecount="1"/>
        <line num="148" count="0" type="cond" truecount="0" falsecount="2"/>
        <line num="149" count="0" type="stmt"/>
        <line num="151" count="0" type="stmt"/>
        <line num="152" count="0" type="stmt"/>
        <line num="153" count="0" type="stmt"/>
        <line num="156" count="3" type="cond" truecount="2" falsecount="0"/>
        <line num="157" count="2" type="stmt"/>
        <line num="158" count="2" type="stmt"/>
        <line num="161" count="1" type="stmt"/>
        <line num="162" count="1" type="stmt"/>
        <line num="165" count="3" type="cond" truecount="1" falsecount="1"/>
        <line num="166" count="0" type="stmt"/>
        <line num="167" count="0" type="stmt"/>
        <line num="170" count="3" type="stmt"/>
        <line num="173" count="1" type="cond" truecount="1" falsecount="1"/>
        <line num="174" count="0" type="stmt"/>
        <line num="175" count="0" type="stmt"/>
        <line num="178" count="1" type="cond" truecount="1" falsecount="1"/>
        <line num="184" count="22" type="cond" truecount="1" falsecount="1"/>
        <line num="185" count="0" type="stmt"/>
        <line num="188" count="22" type="stmt"/>
        <line num="213" count="5" type="stmt"/>
      </file>
      <file name="BottomSheetNativeView.tsx" path="/Users/tolu/Desktop/dev/rn-bottom-sheet/src/components/BottomSheetNativeView.tsx">
        <metrics statements="1" coveredstatements="1" conditionals="0" coveredconditionals="0" methods="0" coveredmethods="0"/>
        <line num="22" count="1" type="stmt"/>
      </file>
      <file name="bottom-sheet-utils.ts" path="/Users/tolu/Desktop/dev/rn-bottom-sheet/src/components/bottom-sheet-utils.ts">
        <metrics statements="33" coveredstatements="32" conditionals="28" coveredconditionals="26" methods="12" coveredmethods="12"/>
        <line num="17" count="7" type="stmt"/>
        <line num="22" count="46" type="stmt"/>
        <line num="28" count="17" type="cond" truecount="2" falsecount="0"/>
        <line num="29" count="17" type="stmt"/>
        <line num="31" count="17" type="cond" truecount="4" falsecount="0"/>
        <line num="32" count="1" type="stmt"/>
        <line num="39" count="16" type="stmt"/>
        <line num="40" count="34" type="stmt"/>
        <line num="51" count="19" type="cond" truecount="2" falsecount="0"/>
        <line num="52" count="15" type="stmt"/>
        <line num="55" count="4" type="cond" truecount="4" falsecount="0"/>
        <line num="56" count="1" type="stmt"/>
        <line num="59" count="3" type="stmt"/>
        <line num="60" count="3" type="cond" truecount="4" falsecount="0"/>
        <line num="61" count="2" type="stmt"/>
        <line num="68" count="1" type="stmt"/>
        <line num="75" count="17" type="cond" truecount="2" falsecount="0"/>
        <line num="76" count="17" type="stmt"/>
        <line num="77" count="16" type="stmt"/>
        <line num="84" count="19" type="cond" truecount="2" falsecount="0"/>
        <line num="85" count="13" type="stmt"/>
        <line num="88" count="6" type="stmt"/>
        <line num="89" count="5" type="stmt"/>
        <line num="108" count="16" type="stmt"/>
        <line num="110" count="16" type="stmt"/>
        <line num="112" count="4" type="stmt"/>
        <line num="115" count="4" type="stmt"/>
        <line num="118" count="4" type="stmt"/>
        <line num="121" count="4" type="stmt"/>
        <line num="131" count="23" type="cond" truecount="1" falsecount="1"/>
        <line num="132" count="0" type="stmt"/>
        <line num="137" count="23" type="cond" truecount="4" falsecount="0"/>
        <line num="138" count="2" type="stmt"/>
      </file>
    </package>
    <package name="src.navigation">
      <metrics statements="16" coveredstatements="16" conditionals="4" coveredconditionals="4" methods="6" coveredmethods="6"/>
      <file name="bottom-sheet-adapter.ts" path="/Users/tolu/Desktop/dev/rn-bottom-sheet/src/navigation/bottom-sheet-adapter.ts">
        <metrics statements="16" coveredstatements="16" conditionals="4" coveredconditionals="4" methods="6" coveredmethods="6"/>
        <line num="44" count="5" type="cond" truecount="2" falsecount="0"/>
        <line num="45" count="2" type="stmt"/>
        <line num="48" count="3" type="cond" truecount="2" falsecount="0"/>
        <line num="49" count="1" type="stmt"/>
        <line num="50" count="1" type="stmt"/>
        <line num="53" count="2" type="stmt"/>
        <line num="63" count="3" type="stmt"/>
        <line num="66" count="2" type="stmt"/>
        <line num="67" count="2" type="stmt"/>
        <line num="84" count="2" type="stmt"/>
        <line num="85" count="2" type="stmt"/>
        <line num="86" count="2" type="stmt"/>
        <line num="88" count="2" type="stmt"/>
        <line num="89" count="2" type="stmt"/>
        <line num="92" count="3" type="stmt"/>
        <line num="93" count="3" type="stmt"/>
      </file>
    </package>
    <package name="src.platform">
      <metrics statements="19" coveredstatements="14" conditionals="10" coveredconditionals="5" methods="9" coveredmethods="7"/>
      <file name="fallback.ts" path="/Users/tolu/Desktop/dev/rn-bottom-sheet/src/platform/fallback.ts">
        <metrics statements="19" coveredstatements="14" conditionals="10" coveredconditionals="5" methods="9" coveredmethods="7"/>
        <line num="18" count="5" type="stmt"/>
        <line num="25" count="3" type="stmt"/>
        <line num="32" count="1" type="stmt"/>
        <line num="38" count="3" type="cond" truecount="2" falsecount="0"/>
        <line num="39" count="2" type="stmt"/>
        <line num="51" count="0" type="cond" truecount="0" falsecount="2"/>
        <line num="52" count="0" type="stmt"/>
        <line num="78" count="2" type="cond" truecount="2" falsecount="0"/>
        <line num="79" count="1" type="stmt"/>
        <line num="82" count="1" type="stmt"/>
        <line num="101" count="1" type="cond" truecount="1" falsecount="1"/>
        <line num="102" count="1" type="stmt"/>
        <line num="103" count="1" type="stmt"/>
        <line num="105" count="0" type="stmt"/>
        <line num="112" count="1" type="stmt"/>
        <line num="113" count="1" type="stmt"/>
        <line num="124" count="1" type="stmt"/>
        <line num="159" count="0" type="stmt"/>
        <line num="160" count="0" type="cond" truecount="0" falsecount="2"/>
      </file>
    </package>
    <package name="src.utils">
      <metrics statements="97" coveredstatements="83" conditionals="92" coveredconditionals="77" methods="17" coveredmethods="16"/>
      <file name="detents.ts" path="/Users/tolu/Desktop/dev/rn-bottom-sheet/src/utils/detents.ts">
        <metrics statements="97" coveredstatements="83" conditionals="92" coveredconditionals="77" methods="17" coveredmethods="16"/>
        <line num="20" count="8" type="stmt"/>
        <line num="25" count="8" type="stmt"/>
        <line num="31" count="8" type="stmt"/>
        <line num="40" count="296" type="stmt"/>
        <line num="49" count="81" type="stmt"/>
        <line num="60" count="61" type="stmt"/>
        <line num="73" count="5" type="cond" truecount="2" falsecount="0"/>
        <line num="74" count="3" type="stmt"/>
        <line num="76" count="2" type="cond" truecount="1" falsecount="1"/>
        <line num="77" count="0" type="stmt"/>
        <line num="79" count="2" type="cond" truecount="1" falsecount="1"/>
        <line num="80" count="0" type="stmt"/>
        <line num="82" count="2" type="stmt"/>
        <line num="89" count="43" type="cond" truecount="2" falsecount="0"/>
        <line num="90" count="35" type="stmt"/>
        <line num="93" count="8" type="cond" truecount="2" falsecount="0"/>
        <line num="94" count="4" type="cond" truecount="3" falsecount="1"/>
        <line num="95" count="0" type="stmt"/>
        <line num="99" count="4" type="cond" truecount="4" falsecount="0"/>
        <line num="100" count="2" type="stmt"/>
        <line num="102" count="2" type="stmt"/>
        <line num="105" count="4" type="cond" truecount="1" falsecount="1"/>
        <line num="106" count="4" type="cond" truecount="3" falsecount="1"/>
        <line num="107" count="0" type="stmt"/>
        <line num="111" count="4" type="cond" truecount="2" falsecount="0"/>
        <line num="112" count="1" type="stmt"/>
        <line num="114" count="3" type="stmt"/>
        <line num="117" count="0" type="stmt"/>
        <line num="123" count="11" type="cond" truecount="4" falsecount="0"/>
        <line num="132" count="19" type="cond" truecount="1" falsecount="1"/>
        <line num="133" count="0" type="stmt"/>
        <line num="139" count="19" type="cond" truecount="1" falsecount="1"/>
        <line num="140" count="0" type="stmt"/>
        <line num="146" count="19" type="stmt"/>
        <line num="148" count="19" type="stmt"/>
        <line num="149" count="40" type="stmt"/>
        <line num="150" count="40" type="stmt"/>
        <line num="151" count="40" type="cond" truecount="2" falsecount="0"/>
        <line num="152" count="1" type="stmt"/>
        <line num="158" count="39" type="cond" truecount="4" falsecount="0"/>
        <line num="159" count="5" type="stmt"/>
        <line num="160" count="5" type="cond" truecount="2" falsecount="0"/>
        <line num="161" count="2" type="cond" truecount="2" falsecount="0"/>
        <line num="162" count="1" type="stmt"/>
        <line num="167" count="1" type="stmt"/>
        <line num="172" count="17" type="stmt"/>
        <line num="186" count="98" type="cond" truecount="2" falsecount="0"/>
        <line num="187" count="84" type="stmt"/>
        <line num="190" count="14" type="cond" truecount="2" falsecount="0"/>
        <line num="191" count="6" type="stmt"/>
        <line num="194" count="8" type="cond" truecount="1" falsecount="1"/>
        <line num="195" count="8" type="stmt"/>
        <line num="198" count="0" type="stmt"/>
        <line num="202" count="82" type="cond" truecount="2" falsecount="0"/>
        <line num="203" count="72" type="stmt"/>
        <line num="206" count="10" type="cond" truecount="2" falsecount="0"/>
        <line num="207" count="3" type="stmt"/>
        <line num="210" count="7" type="cond" truecount="1" falsecount="1"/>
        <line num="211" count="7" type="stmt"/>
        <line num="214" count="0" type="stmt"/>
        <line num="221" count="3" type="cond" truecount="4" falsecount="0"/>
        <line num="222" count="2" type="stmt"/>
        <line num="223" count="2" type="cond" truecount="2" falsecount="0"/>
        <line num="224" count="1" type="stmt"/>
        <line num="227" count="2" type="stmt"/>
        <line num="236" count="35" type="stmt"/>
        <line num="237" count="35" type="stmt"/>
        <line num="239" count="35" type="stmt"/>
        <line num="240" count="80" type="stmt"/>
        <line num="241" count="80" type="cond" truecount="2" falsecount="0"/>
        <line num="242" count="78" type="stmt"/>
        <line num="243" count="78" type="stmt"/>
        <line num="247" count="35" type="stmt"/>
        <line num="248" count="49" type="stmt"/>
        <line num="249" count="49" type="cond" truecount="1" falsecount="1"/>
        <line num="250" count="49" type="stmt"/>
        <line num="252" count="0" type="stmt"/>
        <line num="261" count="1" type="stmt"/>
        <line num="271" count="37" type="cond" truecount="2" falsecount="0"/>
        <line num="272" count="33" type="stmt"/>
        <line num="275" count="4" type="cond" truecount="3" falsecount="1"/>
        <line num="276" count="4" type="stmt"/>
        <line num="277" count="4" type="cond" truecount="2" falsecount="0"/>
        <line num="278" count="1" type="stmt"/>
        <line num="280" count="3" type="stmt"/>
        <line num="283" count="0" type="stmt"/>
        <line num="295" count="17" type="stmt"/>
        <line num="296" count="17" type="stmt"/>
        <line num="297" count="36" type="cond" truecount="2" falsecount="0"/>
        <line num="298" count="33" type="stmt"/>
        <line num="306" count="3" type="cond" truecount="2" falsecount="0"/>
        <line num="307" count="1" type="stmt"/>
        <line num="315" count="2" type="stmt"/>
        <line num="331" count="8" type="stmt"/>
        <line num="339" count="0" type="cond" truecount="0" falsecount="4"/>
        <line num="340" count="0" type="stmt"/>
        <line num="342" count="0" type="stmt"/>
      </file>
    </package>
  </project>
</coverage>
