{"/Users/tolu/Desktop/dev/rn-bottom-sheet/example/src/App.tsx": {"path":"/Users/tolu/Desktop/dev/rn-bottom-sheet/example/src/App.tsx","statementMap":{"0":{"start":{"line":16,"column":2},"end":{"line":33,"column":3}},"1":{"start":{"line":17,"column":23},"end":{"line":21,"column":5}},"2":{"start":{"line":23,"column":4},"end":{"line":30,"column":5}},"3":{"start":{"line":24,"column":6},"end":{"line":29,"column":8}},"4":{"start":{"line":35,"column":2},"end":{"line":38,"column":4}},"5":{"start":{"line":45,"column":19},"end":{"line":45,"column":51}},"6":{"start":{"line":46,"column":46},"end":{"line":46,"column":61}},"7":{"start":{"line":47,"column":44},"end":{"line":47,"column":55}},"8":{"start":{"line":48,"column":46},"end":{"line":48,"column":57}},"9":{"start":{"line":49,"column":42},"end":{"line":49,"column":75}},"10":{"start":{"line":50,"column":46},"end":{"line":50,"column":60}},"11":{"start":{"line":51,"column":56},"end":{"line":51,"column":70}},"12":{"start":{"line":53,"column":4},"end":{"line":53,"column":18}},"13":{"start":{"line":54,"column":56},"end":{"line":54,"column":67}},"14":{"start":{"line":56,"column":4},"end":{"line":56,"column":43}},"15":{"start":{"line":58,"column":55},"end":{"line":62,"column":3}},"16":{"start":{"line":63,"column":32},"end":{"line":63,"column":79}},"17":{"start":{"line":65,"column":27},"end":{"line":70,"column":3}},"18":{"start":{"line":67,"column":6},"end":{"line":67,"column":68}},"19":{"start":{"line":72,"column":29},"end":{"line":79,"column":3}},"20":{"start":{"line":74,"column":6},"end":{"line":74,"column":65}},"21":{"start":{"line":75,"column":6},"end":{"line":75,"column":30}},"22":{"start":{"line":76,"column":6},"end":{"line":76,"column":31}},"23":{"start":{"line":81,"column":18},"end":{"line":81,"column":53}},"24":{"start":{"line":82,"column":23},"end":{"line":82,"column":58}},"25":{"start":{"line":84,"column":29},"end":{"line":87,"column":8}},"26":{"start":{"line":85,"column":4},"end":{"line":85,"column":29}},"27":{"start":{"line":86,"column":4},"end":{"line":86,"column":42}},"28":{"start":{"line":89,"column":26},"end":{"line":101,"column":4}},"29":{"start":{"line":92,"column":6},"end":{"line":92,"column":61}},"30":{"start":{"line":93,"column":6},"end":{"line":93,"column":30}},"31":{"start":{"line":96,"column":6},"end":{"line":96,"column":62}},"32":{"start":{"line":97,"column":6},"end":{"line":97,"column":31}},"33":{"start":{"line":98,"column":6},"end":{"line":98,"column":33}},"34":{"start":{"line":103,"column":37},"end":{"line":105,"column":30}},"35":{"start":{"line":104,"column":4},"end":{"line":104,"column":80}},"36":{"start":{"line":104,"column":40},"end":{"line":104,"column":78}},"37":{"start":{"line":107,"column":43},"end":{"line":114,"column":3}},"38":{"start":{"line":110,"column":4},"end":{"line":112,"column":5}},"39":{"start":{"line":111,"column":6},"end":{"line":111,"column":18}},"40":{"start":{"line":113,"column":4},"end":{"line":113,"column":42}},"41":{"start":{"line":116,"column":2},"end":{"line":205,"column":4}},"42":{"start":{"line":136,"column":48},"end":{"line":136,"column":71}},"43":{"start":{"line":138,"column":49},"end":{"line":138,"column":73}},"44":{"start":{"line":140,"column":49},"end":{"line":140,"column":70}},"45":{"start":{"line":142,"column":52},"end":{"line":142,"column":73}},"46":{"start":{"line":144,"column":51},"end":{"line":144,"column":72}},"47":{"start":{"line":148,"column":23},"end":{"line":148,"column":63}},"48":{"start":{"line":148,"column":54},"end":{"line":148,"column":62}},"49":{"start":{"line":153,"column":23},"end":{"line":153,"column":68}},"50":{"start":{"line":153,"column":59},"end":{"line":153,"column":67}},"51":{"start":{"line":158,"column":23},"end":{"line":158,"column":72}},"52":{"start":{"line":158,"column":64},"end":{"line":158,"column":71}},"53":{"start":{"line":179,"column":29},"end":{"line":179,"column":56}},"54":{"start":{"line":180,"column":28},"end":{"line":180,"column":54}},"55":{"start":{"line":181,"column":29},"end":{"line":181,"column":56}},"56":{"start":{"line":182,"column":28},"end":{"line":182,"column":54}},"57":{"start":{"line":192,"column":29},"end":{"line":192,"column":55}},"58":{"start":{"line":197,"column":29},"end":{"line":197,"column":55}},"59":{"start":{"line":201,"column":47},"end":{"line":201,"column":71}},"60":{"start":{"line":208,"column":15},"end":{"line":243,"column":2}}},"fnMap":{"0":{"name":"resolveAnimatedBottomSheet","decl":{"start":{"line":12,"column":9},"end":{"line":12,"column":35}},"loc":{"start":{"line":15,"column":2},"end":{"line":39,"column":1}},"line":15},"1":{"name":"App","decl":{"start":{"line":44,"column":24},"end":{"line":44,"column":27}},"loc":{"start":{"line":44,"column":30},"end":{"line":206,"column":1}},"line":44},"2":{"name":"(anonymous_2)","decl":{"start":{"line":66,"column":4},"end":{"line":66,"column":5}},"loc":{"start":{"line":66,"column":56},"end":{"line":68,"column":5}},"line":66},"3":{"name":"(anonymous_3)","decl":{"start":{"line":73,"column":4},"end":{"line":73,"column":5}},"loc":{"start":{"line":73,"column":56},"end":{"line":77,"column":5}},"line":73},"4":{"name":"(anonymous_4)","decl":{"start":{"line":84,"column":41},"end":{"line":84,"column":42}},"loc":{"start":{"line":84,"column":60},"end":{"line":87,"column":3}},"line":84},"5":{"name":"(anonymous_5)","decl":{"start":{"line":91,"column":4},"end":{"line":91,"column":5}},"loc":{"start":{"line":91,"column":24},"end":{"line":94,"column":5}},"line":91},"6":{"name":"(anonymous_6)","decl":{"start":{"line":95,"column":4},"end":{"line":95,"column":5}},"loc":{"start":{"line":95,"column":25},"end":{"line":99,"column":5}},"line":95},"7":{"name":"(anonymous_7)","decl":{"start":{"line":103,"column":49},"end":{"line":103,"column":50}},"loc":{"start":{"line":103,"column":55},"end":{"line":105,"column":3}},"line":103},"8":{"name":"(anonymous_8)","decl":{"start":{"line":104,"column":27},"end":{"line":104,"column":28}},"loc":{"start":{"line":104,"column":40},"end":{"line":104,"column":78}},"line":104},"9":{"name":"(anonymous_9)","decl":{"start":{"line":107,"column":43},"end":{"line":107,"column":44}},"loc":{"start":{"line":109,"column":15},"end":{"line":114,"column":3}},"line":109},"10":{"name":"(anonymous_10)","decl":{"start":{"line":136,"column":42},"end":{"line":136,"column":43}},"loc":{"start":{"line":136,"column":48},"end":{"line":136,"column":71}},"line":136},"11":{"name":"(anonymous_11)","decl":{"start":{"line":138,"column":43},"end":{"line":138,"column":44}},"loc":{"start":{"line":138,"column":49},"end":{"line":138,"column":73}},"line":138},"12":{"name":"(anonymous_12)","decl":{"start":{"line":140,"column":43},"end":{"line":140,"column":44}},"loc":{"start":{"line":140,"column":49},"end":{"line":140,"column":70}},"line":140},"13":{"name":"(anonymous_13)","decl":{"start":{"line":142,"column":46},"end":{"line":142,"column":47}},"loc":{"start":{"line":142,"column":52},"end":{"line":142,"column":73}},"line":142},"14":{"name":"(anonymous_14)","decl":{"start":{"line":144,"column":45},"end":{"line":144,"column":46}},"loc":{"start":{"line":144,"column":51},"end":{"line":144,"column":72}},"line":144},"15":{"name":"(anonymous_15)","decl":{"start":{"line":148,"column":17},"end":{"line":148,"column":18}},"loc":{"start":{"line":148,"column":23},"end":{"line":148,"column":63}},"line":148},"16":{"name":"(anonymous_16)","decl":{"start":{"line":148,"column":41},"end":{"line":148,"column":42}},"loc":{"start":{"line":148,"column":54},"end":{"line":148,"column":62}},"line":148},"17":{"name":"(anonymous_17)","decl":{"start":{"line":153,"column":17},"end":{"line":153,"column":18}},"loc":{"start":{"line":153,"column":23},"end":{"line":153,"column":68}},"line":153},"18":{"name":"(anonymous_18)","decl":{"start":{"line":153,"column":46},"end":{"line":153,"column":47}},"loc":{"start":{"line":153,"column":59},"end":{"line":153,"column":67}},"line":153},"19":{"name":"(anonymous_19)","decl":{"start":{"line":158,"column":17},"end":{"line":158,"column":18}},"loc":{"start":{"line":158,"column":23},"end":{"line":158,"column":72}},"line":158},"20":{"name":"(anonymous_20)","decl":{"start":{"line":158,"column":52},"end":{"line":158,"column":53}},"loc":{"start":{"line":158,"column":64},"end":{"line":158,"column":71}},"line":158},"21":{"name":"(anonymous_21)","decl":{"start":{"line":179,"column":23},"end":{"line":179,"column":24}},"loc":{"start":{"line":179,"column":29},"end":{"line":179,"column":56}},"line":179},"22":{"name":"(anonymous_22)","decl":{"start":{"line":180,"column":22},"end":{"line":180,"column":23}},"loc":{"start":{"line":180,"column":28},"end":{"line":180,"column":54}},"line":180},"23":{"name":"(anonymous_23)","decl":{"start":{"line":181,"column":23},"end":{"line":181,"column":24}},"loc":{"start":{"line":181,"column":29},"end":{"line":181,"column":56}},"line":181},"24":{"name":"(anonymous_24)","decl":{"start":{"line":182,"column":22},"end":{"line":182,"column":23}},"loc":{"start":{"line":182,"column":28},"end":{"line":182,"column":54}},"line":182},"25":{"name":"(anonymous_25)","decl":{"start":{"line":192,"column":23},"end":{"line":192,"column":24}},"loc":{"start":{"line":192,"column":29},"end":{"line":192,"column":55}},"line":192},"26":{"name":"(anonymous_26)","decl":{"start":{"line":197,"column":23},"end":{"line":197,"column":24}},"loc":{"start":{"line":197,"column":29},"end":{"line":197,"column":55}},"line":197},"27":{"name":"(anonymous_27)","decl":{"start":{"line":201,"column":41},"end":{"line":201,"column":42}},"loc":{"start":{"line":201,"column":47},"end":{"line":201,"column":71}},"line":201}},"branchMap":{"0":{"loc":{"start":{"line":23,"column":4},"end":{"line":30,"column":5}},"type":"if","locations":[{"start":{"line":23,"column":4},"end":{"line":30,"column":5}},{"start":{},"end":{}}],"line":23},"1":{"loc":{"start":{"line":63,"column":32},"end":{"line":63,"column":79}},"type":"binary-expr","locations":[{"start":{"line":63,"column":32},"end":{"line":63,"column":68}},{"start":{"line":63,"column":72},"end":{"line":63,"column":79}}],"line":63},"2":{"loc":{"start":{"line":110,"column":4},"end":{"line":112,"column":5}},"type":"if","locations":[{"start":{"line":110,"column":4},"end":{"line":112,"column":5}},{"start":{},"end":{}}],"line":110},"3":{"loc":{"start":{"line":120,"column":16},"end":{"line":120,"column":58}},"type":"cond-expr","locations":[{"start":{"line":120,"column":41},"end":{"line":120,"column":47}},{"start":{"line":120,"column":50},"end":{"line":120,"column":58}}],"line":120},"4":{"loc":{"start":{"line":121,"column":26},"end":{"line":121,"column":66}},"type":"binary-expr","locations":[{"start":{"line":121,"column":26},"end":{"line":121,"column":53}},{"start":{"line":121,"column":57},"end":{"line":121,"column":66}}],"line":121},"5":{"loc":{"start":{"line":124,"column":18},"end":{"line":124,"column":47}},"type":"cond-expr","locations":[{"start":{"line":124,"column":35},"end":{"line":124,"column":39}},{"start":{"line":124,"column":42},"end":{"line":124,"column":47}}],"line":124},"6":{"loc":{"start":{"line":125,"column":9},"end":{"line":125,"column":43}},"type":"cond-expr","locations":[{"start":{"line":125,"column":31},"end":{"line":125,"column":35}},{"start":{"line":125,"column":38},"end":{"line":125,"column":43}}],"line":125},"7":{"loc":{"start":{"line":128,"column":27},"end":{"line":128,"column":67}},"type":"cond-expr","locations":[{"start":{"line":128,"column":55},"end":{"line":128,"column":59}},{"start":{"line":128,"column":62},"end":{"line":128,"column":67}}],"line":128},"8":{"loc":{"start":{"line":132,"column":25},"end":{"line":132,"column":75}},"type":"cond-expr","locations":[{"start":{"line":132,"column":54},"end":{"line":132,"column":63}},{"start":{"line":132,"column":66},"end":{"line":132,"column":75}}],"line":132},"9":{"loc":{"start":{"line":134,"column":9},"end":{"line":134,"column":62}},"type":"cond-expr","locations":[{"start":{"line":134,"column":37},"end":{"line":134,"column":49}},{"start":{"line":134,"column":52},"end":{"line":134,"column":62}}],"line":134},"10":{"loc":{"start":{"line":187,"column":29},"end":{"line":187,"column":79}},"type":"cond-expr","locations":[{"start":{"line":187,"column":58},"end":{"line":187,"column":67}},{"start":{"line":187,"column":70},"end":{"line":187,"column":79}}],"line":187},"11":{"loc":{"start":{"line":189,"column":11},"end":{"line":199,"column":11}},"type":"cond-expr","locations":[{"start":{"line":190,"column":12},"end":{"line":193,"column":14}},{"start":{"line":195,"column":12},"end":{"line":198,"column":14}}],"line":189}},"s":{"0":1,"1":1,"2":0,"3":0,"4":1,"5":8,"6":8,"7":8,"8":8,"9":8,"10":8,"11":8,"12":8,"13":8,"14":8,"15":8,"16":8,"17":8,"18":2,"19":8,"20":2,"21":2,"22":2,"23":8,"24":8,"25":8,"26":1,"27":1,"28":8,"29":0,"30":0,"31":0,"32":0,"33":0,"34":8,"35":1,"36":1,"37":8,"38":8,"39":8,"40":0,"41":8,"42":1,"43":1,"44":0,"45":0,"46":1,"47":1,"48":1,"49":1,"50":1,"51":1,"52":1,"53":1,"54":1,"55":1,"56":1,"57":1,"58":1,"59":0,"60":1},"f":{"0":1,"1":8,"2":2,"3":2,"4":1,"5":0,"6":0,"7":1,"8":1,"9":8,"10":1,"11":1,"12":0,"13":0,"14":1,"15":1,"16":1,"17":1,"18":1,"19":1,"20":1,"21":1,"22":1,"23":1,"24":1,"25":1,"26":1,"27":0},"b":{"0":[0,0],"1":[8,0],"2":[8,0],"3":[6,2],"4":[8,0],"5":[4,4],"6":[4,4],"7":[4,4],"8":[7,1],"9":[0,8],"10":[7,1],"11":[7,1]},"_coverageSchema":"1a1c01bbd47fc00a2c39e90264f33305004495a9","hash":"7ca54dc03b67421e958029121537b8bf472e2702"}
,"/Users/tolu/Desktop/dev/rn-bottom-sheet/src/index.tsx": {"path":"/Users/tolu/Desktop/dev/rn-bottom-sheet/src/index.tsx","statementMap":{"0":{"start":{"line":33,"column":31},"end":{"line":33,"column":52}}},"fnMap":{},"branchMap":{},"s":{"0":1},"f":{},"b":{},"_coverageSchema":"1a1c01bbd47fc00a2c39e90264f33305004495a9","hash":"09f70bd2be25ce35abdad1c8bd6431d18905338b"}
,"/Users/tolu/Desktop/dev/rn-bottom-sheet/src/components/BottomSheet.tsx": {"path":"/Users/tolu/Desktop/dev/rn-bottom-sheet/src/components/BottomSheet.tsx","statementMap":{"0":{"start":{"line":37,"column":27},"end":{"line":211,"column":1}},"1":{"start":{"line":39,"column":22},"end":{"line":39,"column":46}},"2":{"start":{"line":40,"column":23},"end":{"line":40,"column":47}},"3":{"start":{"line":58,"column":8},"end":{"line":58,"column":13}},"4":{"start":{"line":60,"column":52},"end":{"line":65,"column":6}},"5":{"start":{"line":61,"column":6},"end":{"line":63,"column":7}},"6":{"start":{"line":62,"column":8},"end":{"line":62,"column":42}},"7":{"start":{"line":64,"column":6},"end":{"line":64,"column":19}},"8":{"start":{"line":66,"column":22},"end":{"line":66,"column":63}},"9":{"start":{"line":68,"column":26},"end":{"line":71,"column":5}},"10":{"start":{"line":69,"column":12},"end":{"line":69,"column":41}},"11":{"start":{"line":72,"column":40},"end":{"line":75,"column":5}},"12":{"start":{"line":73,"column":12},"end":{"line":73,"column":64}},"13":{"start":{"line":76,"column":31},"end":{"line":79,"column":5}},"14":{"start":{"line":77,"column":12},"end":{"line":77,"column":74}},"15":{"start":{"line":80,"column":32},"end":{"line":83,"column":5}},"16":{"start":{"line":81,"column":12},"end":{"line":81,"column":76}},"17":{"start":{"line":85,"column":27},"end":{"line":87,"column":24}},"18":{"start":{"line":89,"column":28},"end":{"line":91,"column":10}},"19":{"start":{"line":90,"column":6},"end":{"line":90,"column":35}},"20":{"start":{"line":93,"column":35},"end":{"line":101,"column":5}},"21":{"start":{"line":95,"column":8},"end":{"line":97,"column":9}},"22":{"start":{"line":96,"column":10},"end":{"line":96,"column":40}},"23":{"start":{"line":98,"column":8},"end":{"line":98,"column":41}},"24":{"start":{"line":102,"column":37},"end":{"line":107,"column":5}},"25":{"start":{"line":104,"column":8},"end":{"line":104,"column":40}},"26":{"start":{"line":108,"column":30},"end":{"line":117,"column":5}},"27":{"start":{"line":110,"column":8},"end":{"line":115,"column":10}},"28":{"start":{"line":119,"column":4},"end":{"line":123,"column":20}},"29":{"start":{"line":120,"column":6},"end":{"line":122,"column":7}},"30":{"start":{"line":121,"column":8},"end":{"line":121,"column":47}},"31":{"start":{"line":125,"column":4},"end":{"line":182,"column":6}},"32":{"start":{"line":127,"column":13},"end":{"line":180,"column":7}},"33":{"start":{"line":129,"column":10},"end":{"line":136,"column":11}},"34":{"start":{"line":130,"column":12},"end":{"line":132,"column":13}},"35":{"start":{"line":131,"column":14},"end":{"line":131,"column":40}},"36":{"start":{"line":133,"column":12},"end":{"line":133,"column":49}},"37":{"start":{"line":134,"column":12},"end":{"line":134,"column":47}},"38":{"start":{"line":135,"column":12},"end":{"line":135,"column":19}},"39":{"start":{"line":138,"column":10},"end":{"line":141,"column":11}},"40":{"start":{"line":139,"column":12},"end":{"line":139,"column":49}},"41":{"start":{"line":140,"column":12},"end":{"line":140,"column":19}},"42":{"start":{"line":143,"column":10},"end":{"line":143,"column":36}},"43":{"start":{"line":144,"column":10},"end":{"line":144,"column":39}},"44":{"start":{"line":147,"column":10},"end":{"line":154,"column":11}},"45":{"start":{"line":148,"column":12},"end":{"line":150,"column":13}},"46":{"start":{"line":149,"column":14},"end":{"line":149,"column":41}},"47":{"start":{"line":151,"column":12},"end":{"line":151,"column":50}},"48":{"start":{"line":152,"column":12},"end":{"line":152,"column":47}},"49":{"start":{"line":153,"column":12},"end":{"line":153,"column":19}},"50":{"start":{"line":156,"column":10},"end":{"line":159,"column":11}},"51":{"start":{"line":157,"column":12},"end":{"line":157,"column":50}},"52":{"start":{"line":158,"column":12},"end":{"line":158,"column":19}},"53":{"start":{"line":161,"column":10},"end":{"line":161,"column":37}},"54":{"start":{"line":162,"column":10},"end":{"line":162,"column":39}},"55":{"start":{"line":165,"column":10},"end":{"line":168,"column":11}},"56":{"start":{"line":166,"column":12},"end":{"line":166,"column":52}},"57":{"start":{"line":167,"column":12},"end":{"line":167,"column":19}},"58":{"start":{"line":170,"column":10},"end":{"line":170,"column":49}},"59":{"start":{"line":173,"column":10},"end":{"line":176,"column":11}},"60":{"start":{"line":174,"column":12},"end":{"line":174,"column":61}},"61":{"start":{"line":175,"column":12},"end":{"line":175,"column":22}},"62":{"start":{"line":178,"column":10},"end":{"line":178,"column":66}},"63":{"start":{"line":184,"column":4},"end":{"line":186,"column":5}},"64":{"start":{"line":185,"column":6},"end":{"line":185,"column":37}},"65":{"start":{"line":188,"column":4},"end":{"line":209,"column":6}},"66":{"start":{"line":213,"column":0},"end":{"line":213,"column":40}}},"fnMap":{"0":{"name":"BottomSheet","decl":{"start":{"line":38,"column":11},"end":{"line":38,"column":22}},"loc":{"start":{"line":38,"column":35},"end":{"line":210,"column":3}},"line":38},"1":{"name":"(anonymous_1)","decl":{"start":{"line":60,"column":61},"end":{"line":60,"column":62}},"loc":{"start":{"line":60,"column":67},"end":{"line":65,"column":5}},"line":60},"2":{"name":"(anonymous_2)","decl":{"start":{"line":69,"column":6},"end":{"line":69,"column":7}},"loc":{"start":{"line":69,"column":12},"end":{"line":69,"column":41}},"line":69},"3":{"name":"(anonymous_3)","decl":{"start":{"line":73,"column":6},"end":{"line":73,"column":7}},"loc":{"start":{"line":73,"column":12},"end":{"line":73,"column":64}},"line":73},"4":{"name":"(anonymous_4)","decl":{"start":{"line":77,"column":6},"end":{"line":77,"column":7}},"loc":{"start":{"line":77,"column":12},"end":{"line":77,"column":74}},"line":77},"5":{"name":"(anonymous_5)","decl":{"start":{"line":81,"column":6},"end":{"line":81,"column":7}},"loc":{"start":{"line":81,"column":12},"end":{"line":81,"column":76}},"line":81},"6":{"name":"(anonymous_6)","decl":{"start":{"line":89,"column":40},"end":{"line":89,"column":41}},"loc":{"start":{"line":89,"column":76},"end":{"line":91,"column":5}},"line":89},"7":{"name":"(anonymous_7)","decl":{"start":{"line":94,"column":6},"end":{"line":94,"column":7}},"loc":{"start":{"line":94,"column":57},"end":{"line":99,"column":7}},"line":94},"8":{"name":"(anonymous_8)","decl":{"start":{"line":103,"column":6},"end":{"line":103,"column":7}},"loc":{"start":{"line":103,"column":53},"end":{"line":105,"column":7}},"line":103},"9":{"name":"(anonymous_9)","decl":{"start":{"line":109,"column":6},"end":{"line":109,"column":7}},"loc":{"start":{"line":110,"column":8},"end":{"line":115,"column":10}},"line":110},"10":{"name":"(anonymous_10)","decl":{"start":{"line":119,"column":14},"end":{"line":119,"column":15}},"loc":{"start":{"line":119,"column":20},"end":{"line":123,"column":5}},"line":119},"11":{"name":"(anonymous_11)","decl":{"start":{"line":127,"column":6},"end":{"line":127,"column":7}},"loc":{"start":{"line":127,"column":13},"end":{"line":180,"column":7}},"line":127},"12":{"name":"(anonymous_12)","decl":{"start":{"line":128,"column":8},"end":{"line":128,"column":9}},"loc":{"start":{"line":128,"column":18},"end":{"line":145,"column":9}},"line":128},"13":{"name":"(anonymous_13)","decl":{"start":{"line":146,"column":8},"end":{"line":146,"column":9}},"loc":{"start":{"line":146,"column":18},"end":{"line":163,"column":9}},"line":146},"14":{"name":"(anonymous_14)","decl":{"start":{"line":164,"column":8},"end":{"line":164,"column":9}},"loc":{"start":{"line":164,"column":36},"end":{"line":171,"column":9}},"line":164},"15":{"name":"(anonymous_15)","decl":{"start":{"line":172,"column":8},"end":{"line":172,"column":9}},"loc":{"start":{"line":172,"column":32},"end":{"line":179,"column":9}},"line":172}},"branchMap":{"0":{"loc":{"start":{"line":52,"column":6},"end":{"line":52,"column":27}},"type":"default-arg","locations":[{"start":{"line":52,"column":23},"end":{"line":52,"column":27}}],"line":52},"1":{"loc":{"start":{"line":53,"column":6},"end":{"line":53,"column":32}},"type":"default-arg","locations":[{"start":{"line":53,"column":28},"end":{"line":53,"column":32}}],"line":53},"2":{"loc":{"start":{"line":55,"column":6},"end":{"line":55,"column":23}},"type":"default-arg","locations":[{"start":{"line":55,"column":21},"end":{"line":55,"column":23}}],"line":55},"3":{"loc":{"start":{"line":56,"column":6},"end":{"line":56,"column":38}},"type":"default-arg","locations":[{"start":{"line":56,"column":34},"end":{"line":56,"column":38}}],"line":56},"4":{"loc":{"start":{"line":61,"column":6},"end":{"line":63,"column":7}},"type":"if","locations":[{"start":{"line":61,"column":6},"end":{"line":63,"column":7}},{"start":{},"end":{}}],"line":61},"5":{"loc":{"start":{"line":61,"column":10},"end":{"line":61,"column":47}},"type":"binary-expr","locations":[{"start":{"line":61,"column":10},"end":{"line":61,"column":21}},{"start":{"line":61,"column":25},"end":{"line":61,"column":47}}],"line":61},"6":{"loc":{"start":{"line":85,"column":27},"end":{"line":87,"column":24}},"type":"cond-expr","locations":[{"start":{"line":86,"column":8},"end":{"line":86,"column":20}},{"start":{"line":87,"column":8},"end":{"line":87,"column":24}}],"line":85},"7":{"loc":{"start":{"line":95,"column":8},"end":{"line":97,"column":9}},"type":"if","locations":[{"start":{"line":95,"column":8},"end":{"line":97,"column":9}},{"start":{},"end":{}}],"line":95},"8":{"loc":{"start":{"line":120,"column":6},"end":{"line":122,"column":7}},"type":"if","locations":[{"start":{"line":120,"column":6},"end":{"line":122,"column":7}},{"start":{},"end":{}}],"line":120},"9":{"loc":{"start":{"line":129,"column":10},"end":{"line":136,"column":11}},"type":"if","locations":[{"start":{"line":129,"column":10},"end":{"line":136,"column":11}},{"start":{},"end":{}}],"line":129},"10":{"loc":{"start":{"line":130,"column":12},"end":{"line":132,"column":13}},"type":"if","locations":[{"start":{"line":130,"column":12},"end":{"line":132,"column":13}},{"start":{},"end":{}}],"line":130},"11":{"loc":{"start":{"line":138,"column":10},"end":{"line":141,"column":11}},"type":"if","locations":[{"start":{"line":138,"column":10},"end":{"line":141,"column":11}},{"start":{},"end":{}}],"line":138},"12":{"loc":{"start":{"line":147,"column":10},"end":{"line":154,"column":11}},"type":"if","locations":[{"start":{"line":147,"column":10},"end":{"line":154,"column":11}},{"start":{},"end":{}}],"line":147},"13":{"loc":{"start":{"line":148,"column":12},"end":{"line":150,"column":13}},"type":"if","locations":[{"start":{"line":148,"column":12},"end":{"line":150,"column":13}},{"start":{},"end":{}}],"line":148},"14":{"loc":{"start":{"line":156,"column":10},"end":{"line":159,"column":11}},"type":"if","locations":[{"start":{"line":156,"column":10},"end":{"line":159,"column":11}},{"start":{},"end":{}}],"line":156},"15":{"loc":{"start":{"line":165,"column":10},"end":{"line":168,"column":11}},"type":"if","locations":[{"start":{"line":165,"column":10},"end":{"line":168,"column":11}},{"start":{},"end":{}}],"line":165},"16":{"loc":{"start":{"line":173,"column":10},"end":{"line":176,"column":11}},"type":"if","locations":[{"start":{"line":173,"column":10},"end":{"line":176,"column":11}},{"start":{},"end":{}}],"line":173},"17":{"loc":{"start":{"line":178,"column":17},"end":{"line":178,"column":65}},"type":"binary-expr","locations":[{"start":{"line":178,"column":17},"end":{"line":178,"column":59}},{"start":{"line":178,"column":63},"end":{"line":178,"column":65}}],"line":178},"18":{"loc":{"start":{"line":184,"column":4},"end":{"line":186,"column":5}},"type":"if","locations":[{"start":{"line":184,"column":4},"end":{"line":186,"column":5}},{"start":{},"end":{}}],"line":184}},"s":{"0":5,"1":22,"2":22,"3":22,"4":22,"5":14,"6":6,"7":8,"8":22,"9":22,"10":14,"11":22,"12":14,"13":22,"14":14,"15":22,"16":16,"17":22,"18":22,"19":14,"20":22,"21":6,"22":2,"23":6,"24":22,"25":2,"26":22,"27":14,"28":22,"29":14,"30":0,"31":22,"32":6,"33":4,"34":0,"35":0,"36":0,"37":0,"38":0,"39":4,"40":2,"41":2,"42":2,"43":2,"44":3,"45":0,"46":0,"47":0,"48":0,"49":0,"50":3,"51":2,"52":2,"53":1,"54":1,"55":3,"56":0,"57":0,"58":3,"59":1,"60":0,"61":0,"62":1,"63":22,"64":0,"65":22,"66":5},"f":{"0":22,"1":14,"2":14,"3":14,"4":14,"5":16,"6":14,"7":6,"8":2,"9":14,"10":14,"11":6,"12":4,"13":3,"14":3,"15":1},"b":{"0":[22],"1":[22],"2":[22],"3":[22],"4":[6,8],"5":[14,6],"6":[12,10],"7":[2,4],"8":[0,14],"9":[0,4],"10":[0,0],"11":[2,2],"12":[0,3],"13":[0,0],"14":[2,1],"15":[0,3],"16":[0,1],"17":[1,0],"18":[0,22]},"_coverageSchema":"1a1c01bbd47fc00a2c39e90264f33305004495a9","hash":"5dc483f15a3441e57ba243f6c5e555454b0c1251"}
,"/Users/tolu/Desktop/dev/rn-bottom-sheet/src/components/BottomSheetNativeView.tsx": {"path":"/Users/tolu/Desktop/dev/rn-bottom-sheet/src/components/BottomSheetNativeView.tsx","statementMap":{"0":{"start":{"line":22,"column":37},"end":{"line":22,"column":54}}},"fnMap":{},"branchMap":{},"s":{"0":1},"f":{},"b":{},"_coverageSchema":"1a1c01bbd47fc00a2c39e90264f33305004495a9","hash":"2f144647a9024660119309047d72cf8bdf004801"}
,"/Users/tolu/Desktop/dev/rn-bottom-sheet/src/components/bottom-sheet-utils.ts": {"path":"/Users/tolu/Desktop/dev/rn-bottom-sheet/src/components/bottom-sheet-utils.ts","statementMap":{"0":{"start":{"line":17,"column":21},"end":{"line":17,"column":40}},"1":{"start":{"line":22,"column":2},"end":{"line":22,"column":27}},"2":{"start":{"line":28,"column":24},"end":{"line":28,"column":50}},"3":{"start":{"line":29,"column":27},"end":{"line":29,"column":57}},"4":{"start":{"line":31,"column":2},"end":{"line":37,"column":3}},"5":{"start":{"line":32,"column":4},"end":{"line":36,"column":6}},"6":{"start":{"line":39,"column":2},"end":{"line":45,"column":4}},"7":{"start":{"line":40,"column":38},"end":{"line":44,"column":5}},"8":{"start":{"line":51,"column":2},"end":{"line":53,"column":3}},"9":{"start":{"line":52,"column":4},"end":{"line":52,"column":19}},"10":{"start":{"line":55,"column":2},"end":{"line":57,"column":3}},"11":{"start":{"line":56,"column":4},"end":{"line":56,"column":16}},"12":{"start":{"line":59,"column":24},"end":{"line":59,"column":28}},"13":{"start":{"line":60,"column":2},"end":{"line":66,"column":3}},"14":{"start":{"line":61,"column":4},"end":{"line":65,"column":6}},"15":{"start":{"line":68,"column":2},"end":{"line":68,"column":19}},"16":{"start":{"line":75,"column":16},"end":{"line":75,"column":34}},"17":{"start":{"line":76,"column":2},"end":{"line":76,"column":57}},"18":{"start":{"line":77,"column":2},"end":{"line":77,"column":15}},"19":{"start":{"line":84,"column":2},"end":{"line":86,"column":3}},"20":{"start":{"line":85,"column":4},"end":{"line":85,"column":14}},"21":{"start":{"line":88,"column":2},"end":{"line":88,"column":67}},"22":{"start":{"line":89,"column":2},"end":{"line":89,"column":24}},"23":{"start":{"line":108,"column":4},"end":{"line":108,"column":13}},"24":{"start":{"line":110,"column":2},"end":{"line":123,"column":4}},"25":{"start":{"line":112,"column":6},"end":{"line":112,"column":24}},"26":{"start":{"line":115,"column":6},"end":{"line":115,"column":23}},"27":{"start":{"line":118,"column":6},"end":{"line":118,"column":24}},"28":{"start":{"line":121,"column":6},"end":{"line":121,"column":23}},"29":{"start":{"line":131,"column":2},"end":{"line":135,"column":3}},"30":{"start":{"line":132,"column":4},"end":{"line":134,"column":6}},"31":{"start":{"line":137,"column":2},"end":{"line":141,"column":3}},"32":{"start":{"line":138,"column":4},"end":{"line":140,"column":6}}},"fnMap":{"0":{"name":"isControlledProps","decl":{"start":{"line":19,"column":16},"end":{"line":19,"column":33}},"loc":{"start":{"line":21,"column":47},"end":{"line":23,"column":1}},"line":21},"1":{"name":"toNativeDetentConfig","decl":{"start":{"line":25,"column":16},"end":{"line":25,"column":36}},"loc":{"start":{"line":27,"column":24},"end":{"line":46,"column":1}},"line":27},"2":{"name":"(anonymous_2)","decl":{"start":{"line":40,"column":4},"end":{"line":40,"column":5}},"loc":{"start":{"line":40,"column":38},"end":{"line":44,"column":5}},"line":40},"3":{"name":"toNativeBackgroundInteraction","decl":{"start":{"line":48,"column":16},"end":{"line":48,"column":45}},"loc":{"start":{"line":50,"column":31},"end":{"line":69,"column":1}},"line":50},"4":{"name":"resolveInitialDetentIndex","decl":{"start":{"line":71,"column":16},"end":{"line":71,"column":41}},"loc":{"start":{"line":74,"column":10},"end":{"line":78,"column":1}},"line":74},"5":{"name":"resolveSelectedDetentIndex","decl":{"start":{"line":80,"column":16},"end":{"line":80,"column":42}},"loc":{"start":{"line":83,"column":10},"end":{"line":90,"column":1}},"line":83},"6":{"name":"createLifecycleHandlers","decl":{"start":{"line":104,"column":16},"end":{"line":104,"column":39}},"loc":{"start":{"line":106,"column":32},"end":{"line":124,"column":1}},"line":106},"7":{"name":"(anonymous_7)","decl":{"start":{"line":111,"column":4},"end":{"line":111,"column":5}},"loc":{"start":{"line":111,"column":26},"end":{"line":113,"column":5}},"line":111},"8":{"name":"(anonymous_8)","decl":{"start":{"line":114,"column":4},"end":{"line":114,"column":5}},"loc":{"start":{"line":114,"column":25},"end":{"line":116,"column":5}},"line":114},"9":{"name":"(anonymous_9)","decl":{"start":{"line":117,"column":4},"end":{"line":117,"column":5}},"loc":{"start":{"line":117,"column":26},"end":{"line":119,"column":5}},"line":117},"10":{"name":"(anonymous_10)","decl":{"start":{"line":120,"column":4},"end":{"line":120,"column":5}},"loc":{"start":{"line":120,"column":25},"end":{"line":122,"column":5}},"line":120},"11":{"name":"assertDetentIndex","decl":{"start":{"line":126,"column":9},"end":{"line":126,"column":26}},"loc":{"start":{"line":130,"column":8},"end":{"line":142,"column":1}},"line":130}},"branchMap":{"0":{"loc":{"start":{"line":28,"column":24},"end":{"line":28,"column":50}},"type":"binary-expr","locations":[{"start":{"line":28,"column":24},"end":{"line":28,"column":31}},{"start":{"line":28,"column":35},"end":{"line":28,"column":50}}],"line":28},"1":{"loc":{"start":{"line":31,"column":2},"end":{"line":37,"column":3}},"type":"if","locations":[{"start":{"line":31,"column":2},"end":{"line":37,"column":3}},{"start":{},"end":{}}],"line":31},"2":{"loc":{"start":{"line":31,"column":6},"end":{"line":31,"column":68}},"type":"binary-expr","locations":[{"start":{"line":31,"column":6},"end":{"line":31,"column":29}},{"start":{"line":31,"column":33},"end":{"line":31,"column":68}}],"line":31},"3":{"loc":{"start":{"line":34,"column":8},"end":{"line":34,"column":49}},"type":"binary-expr","locations":[{"start":{"line":34,"column":8},"end":{"line":34,"column":30}},{"start":{"line":34,"column":34},"end":{"line":34,"column":49}}],"line":34},"4":{"loc":{"start":{"line":51,"column":2},"end":{"line":53,"column":3}},"type":"if","locations":[{"start":{"line":51,"column":2},"end":{"line":53,"column":3}},{"start":{},"end":{}}],"line":51},"5":{"loc":{"start":{"line":55,"column":2},"end":{"line":57,"column":3}},"type":"if","locations":[{"start":{"line":55,"column":2},"end":{"line":57,"column":3}},{"start":{},"end":{}}],"line":55},"6":{"loc":{"start":{"line":55,"column":6},"end":{"line":55,"column":45}},"type":"binary-expr","locations":[{"start":{"line":55,"column":6},"end":{"line":55,"column":22}},{"start":{"line":55,"column":26},"end":{"line":55,"column":45}}],"line":55},"7":{"loc":{"start":{"line":60,"column":2},"end":{"line":66,"column":3}},"type":"if","locations":[{"start":{"line":60,"column":2},"end":{"line":66,"column":3}},{"start":{},"end":{}}],"line":60},"8":{"loc":{"start":{"line":60,"column":6},"end":{"line":60,"column":51}},"type":"binary-expr","locations":[{"start":{"line":60,"column":6},"end":{"line":60,"column":34}},{"start":{"line":60,"column":38},"end":{"line":60,"column":51}}],"line":60},"9":{"loc":{"start":{"line":75,"column":16},"end":{"line":75,"column":34}},"type":"binary-expr","locations":[{"start":{"line":75,"column":16},"end":{"line":75,"column":29}},{"start":{"line":75,"column":33},"end":{"line":75,"column":34}}],"line":75},"10":{"loc":{"start":{"line":84,"column":2},"end":{"line":86,"column":3}},"type":"if","locations":[{"start":{"line":84,"column":2},"end":{"line":86,"column":3}},{"start":{},"end":{}}],"line":84},"11":{"loc":{"start":{"line":131,"column":2},"end":{"line":135,"column":3}},"type":"if","locations":[{"start":{"line":131,"column":2},"end":{"line":135,"column":3}},{"start":{},"end":{}}],"line":131},"12":{"loc":{"start":{"line":137,"column":2},"end":{"line":141,"column":3}},"type":"if","locations":[{"start":{"line":137,"column":2},"end":{"line":141,"column":3}},{"start":{},"end":{}}],"line":137},"13":{"loc":{"start":{"line":137,"column":6},"end":{"line":137,"column":39}},"type":"binary-expr","locations":[{"start":{"line":137,"column":6},"end":{"line":137,"column":15}},{"start":{"line":137,"column":19},"end":{"line":137,"column":39}}],"line":137}},"s":{"0":7,"1":46,"2":17,"3":17,"4":17,"5":1,"6":16,"7":34,"8":19,"9":15,"10":4,"11":1,"12":3,"13":3,"14":2,"15":1,"16":17,"17":17,"18":16,"19":19,"20":13,"21":6,"22":5,"23":16,"24":16,"25":4,"26":4,"27":4,"28":4,"29":23,"30":0,"31":23,"32":2},"f":{"0":46,"1":17,"2":34,"3":19,"4":17,"5":19,"6":16,"7":4,"8":4,"9":4,"10":4,"11":23},"b":{"0":[17,12],"1":[1,16],"2":[17,16],"3":[1,0],"4":[15,4],"5":[1,3],"6":[4,4],"7":[2,1],"8":[3,2],"9":[17,14],"10":[13,6],"11":[0,23],"12":[2,21],"13":[23,22]},"_coverageSchema":"1a1c01bbd47fc00a2c39e90264f33305004495a9","hash":"6fa3ab6ce9c7bc9ea582c4d46cb4bfefe68e6d69"}
,"/Users/tolu/Desktop/dev/rn-bottom-sheet/src/navigation/bottom-sheet-adapter.ts": {"path":"/Users/tolu/Desktop/dev/rn-bottom-sheet/src/navigation/bottom-sheet-adapter.ts","statementMap":{"0":{"start":{"line":44,"column":2},"end":{"line":46,"column":3}},"1":{"start":{"line":45,"column":4},"end":{"line":45,"column":11}},"2":{"start":{"line":48,"column":2},"end":{"line":51,"column":3}},"3":{"start":{"line":49,"column":4},"end":{"line":49,"column":26}},"4":{"start":{"line":50,"column":4},"end":{"line":50,"column":11}},"5":{"start":{"line":53,"column":2},"end":{"line":53,"column":25}},"6":{"start":{"line":63,"column":2},"end":{"line":75,"column":4}},"7":{"start":{"line":66,"column":6},"end":{"line":66,"column":47}},"8":{"start":{"line":67,"column":6},"end":{"line":73,"column":8}},"9":{"start":{"line":84,"column":67},"end":{"line":84,"column":74}},"10":{"start":{"line":85,"column":25},"end":{"line":85,"column":44}},"11":{"start":{"line":86,"column":2},"end":{"line":86,"column":39}},"12":{"start":{"line":88,"column":2},"end":{"line":103,"column":4}},"13":{"start":{"line":89,"column":11},"end":{"line":101,"column":5}},"14":{"start":{"line":92,"column":8},"end":{"line":92,"column":41}},"15":{"start":{"line":93,"column":8},"end":{"line":99,"column":10}}},"fnMap":{"0":{"name":"handleRouteSync","decl":{"start":{"line":37,"column":9},"end":{"line":37,"column":24}},"loc":{"start":{"line":43,"column":8},"end":{"line":54,"column":1}},"line":43},"1":{"name":"createBottomSheetNavigationAdapter","decl":{"start":{"line":60,"column":16},"end":{"line":60,"column":50}},"loc":{"start":{"line":62,"column":32},"end":{"line":76,"column":1}},"line":62},"2":{"name":"(anonymous_2)","decl":{"start":{"line":65,"column":4},"end":{"line":65,"column":5}},"loc":{"start":{"line":65,"column":35},"end":{"line":74,"column":5}},"line":65},"3":{"name":"useBottomSheetNavigation","decl":{"start":{"line":81,"column":16},"end":{"line":81,"column":40}},"loc":{"start":{"line":83,"column":32},"end":{"line":104,"column":1}},"line":83},"4":{"name":"(anonymous_4)","decl":{"start":{"line":89,"column":4},"end":{"line":89,"column":5}},"loc":{"start":{"line":89,"column":11},"end":{"line":101,"column":5}},"line":89},"5":{"name":"(anonymous_5)","decl":{"start":{"line":91,"column":6},"end":{"line":91,"column":7}},"loc":{"start":{"line":91,"column":37},"end":{"line":100,"column":7}},"line":91}},"branchMap":{"0":{"loc":{"start":{"line":44,"column":2},"end":{"line":46,"column":3}},"type":"if","locations":[{"start":{"line":44,"column":2},"end":{"line":46,"column":3}},{"start":{},"end":{}}],"line":44},"1":{"loc":{"start":{"line":48,"column":2},"end":{"line":51,"column":3}},"type":"if","locations":[{"start":{"line":48,"column":2},"end":{"line":51,"column":3}},{"start":{},"end":{}}],"line":48}},"s":{"0":5,"1":2,"2":3,"3":1,"4":1,"5":2,"6":3,"7":2,"8":2,"9":2,"10":2,"11":2,"12":2,"13":2,"14":3,"15":3},"f":{"0":5,"1":3,"2":2,"3":2,"4":2,"5":3},"b":{"0":[2,3],"1":[1,2]},"_coverageSchema":"1a1c01bbd47fc00a2c39e90264f33305004495a9","hash":"0a9e74e06149efe49feebcdb2cc4af59da81bca8"}
,"/Users/tolu/Desktop/dev/rn-bottom-sheet/src/platform/fallback.ts": {"path":"/Users/tolu/Desktop/dev/rn-bottom-sheet/src/platform/fallback.ts","statementMap":{"0":{"start":{"line":18,"column":2},"end":{"line":18,"column":31}},"1":{"start":{"line":25,"column":2},"end":{"line":25,"column":21}},"2":{"start":{"line":32,"column":23},"end":{"line":32,"column":42}},"3":{"start":{"line":38,"column":2},"end":{"line":44,"column":3}},"4":{"start":{"line":39,"column":4},"end":{"line":43,"column":6}},"5":{"start":{"line":51,"column":2},"end":{"line":55,"column":3}},"6":{"start":{"line":52,"column":4},"end":{"line":54,"column":6}},"7":{"start":{"line":78,"column":2},"end":{"line":80,"column":3}},"8":{"start":{"line":79,"column":4},"end":{"line":79,"column":16}},"9":{"start":{"line":82,"column":2},"end":{"line":86,"column":4}},"10":{"start":{"line":101,"column":2},"end":{"line":104,"column":3}},"11":{"start":{"line":102,"column":4},"end":{"line":102,"column":39}},"12":{"start":{"line":103,"column":4},"end":{"line":103,"column":21}},"13":{"start":{"line":105,"column":2},"end":{"line":105,"column":20}},"14":{"start":{"line":112,"column":2},"end":{"line":114,"column":4}},"15":{"start":{"line":113,"column":4},"end":{"line":113,"column":40}},"16":{"start":{"line":124,"column":31},"end":{"line":153,"column":10}},"17":{"start":{"line":159,"column":19},"end":{"line":159,"column":68}},"18":{"start":{"line":160,"column":2},"end":{"line":160,"column":62}}},"fnMap":{"0":{"name":"isNativeSheetSupported","decl":{"start":{"line":17,"column":16},"end":{"line":17,"column":38}},"loc":{"start":{"line":17,"column":50},"end":{"line":19,"column":1}},"line":17},"1":{"name":"getPlatformName","decl":{"start":{"line":24,"column":16},"end":{"line":24,"column":31}},"loc":{"start":{"line":24,"column":42},"end":{"line":26,"column":1}},"line":24},"2":{"name":"warnUnsupportedPlatform","decl":{"start":{"line":37,"column":16},"end":{"line":37,"column":39}},"loc":{"start":{"line":37,"column":65},"end":{"line":45,"column":1}},"line":37},"3":{"name":"warnUnsupportedFeature","decl":{"start":{"line":50,"column":16},"end":{"line":50,"column":38}},"loc":{"start":{"line":50,"column":62},"end":{"line":56,"column":1}},"line":50},"4":{"name":"getFallbackState","decl":{"start":{"line":77,"column":16},"end":{"line":77,"column":32}},"loc":{"start":{"line":77,"column":57},"end":{"line":87,"column":1}},"line":77},"5":{"name":"guardNativeOnly","decl":{"start":{"line":97,"column":16},"end":{"line":97,"column":31}},"loc":{"start":{"line":100,"column":17},"end":{"line":106,"column":1}},"line":100},"6":{"name":"createFallbackMethod","decl":{"start":{"line":111,"column":16},"end":{"line":111,"column":36}},"loc":{"start":{"line":111,"column":69},"end":{"line":115,"column":1}},"line":111},"7":{"name":"(anonymous_7)","decl":{"start":{"line":112,"column":9},"end":{"line":112,"column":10}},"loc":{"start":{"line":112,"column":15},"end":{"line":114,"column":3}},"line":112},"8":{"name":"getPlatformConfig","decl":{"start":{"line":158,"column":16},"end":{"line":158,"column":33}},"loc":{"start":{"line":158,"column":36},"end":{"line":161,"column":1}},"line":158}},"branchMap":{"0":{"loc":{"start":{"line":38,"column":2},"end":{"line":44,"column":3}},"type":"if","locations":[{"start":{"line":38,"column":2},"end":{"line":44,"column":3}},{"start":{},"end":{}}],"line":38},"1":{"loc":{"start":{"line":51,"column":2},"end":{"line":55,"column":3}},"type":"if","locations":[{"start":{"line":51,"column":2},"end":{"line":55,"column":3}},{"start":{},"end":{}}],"line":51},"2":{"loc":{"start":{"line":78,"column":2},"end":{"line":80,"column":3}},"type":"if","locations":[{"start":{"line":78,"column":2},"end":{"line":80,"column":3}},{"start":{},"end":{}}],"line":78},"3":{"loc":{"start":{"line":101,"column":2},"end":{"line":104,"column":3}},"type":"if","locations":[{"start":{"line":101,"column":2},"end":{"line":104,"column":3}},{"start":{},"end":{}}],"line":101},"4":{"loc":{"start":{"line":160,"column":9},"end":{"line":160,"column":61}},"type":"binary-expr","locations":[{"start":{"line":160,"column":9},"end":{"line":160,"column":34}},{"start":{"line":160,"column":38},"end":{"line":160,"column":61}}],"line":160}},"s":{"0":5,"1":3,"2":1,"3":3,"4":2,"5":0,"6":0,"7":2,"8":1,"9":1,"10":1,"11":1,"12":1,"13":0,"14":1,"15":1,"16":1,"17":0,"18":0},"f":{"0":5,"1":3,"2":3,"3":0,"4":2,"5":1,"6":1,"7":1,"8":0},"b":{"0":[2,1],"1":[0,0],"2":[1,1],"3":[1,0],"4":[0,0]},"_coverageSchema":"1a1c01bbd47fc00a2c39e90264f33305004495a9","hash":"fa751a5654cc05d3e729a116d17ccdca50d136c2"}
,"/Users/tolu/Desktop/dev/rn-bottom-sheet/src/utils/detents.ts": {"path":"/Users/tolu/Desktop/dev/rn-bottom-sheet/src/utils/detents.ts","statementMap":{"0":{"start":{"line":20,"column":52},"end":{"line":20,"column":78}},"1":{"start":{"line":25,"column":63},"end":{"line":29,"column":1}},"2":{"start":{"line":31,"column":32},"end":{"line":31,"column":36}},"3":{"start":{"line":40,"column":2},"end":{"line":43,"column":4}},"4":{"start":{"line":49,"column":2},"end":{"line":54,"column":4}},"5":{"start":{"line":60,"column":2},"end":{"line":65,"column":4}},"6":{"start":{"line":73,"column":2},"end":{"line":75,"column":3}},"7":{"start":{"line":74,"column":4},"end":{"line":74,"column":16}},"8":{"start":{"line":76,"column":2},"end":{"line":78,"column":3}},"9":{"start":{"line":77,"column":4},"end":{"line":77,"column":72}},"10":{"start":{"line":79,"column":2},"end":{"line":81,"column":3}},"11":{"start":{"line":80,"column":4},"end":{"line":80,"column":41}},"12":{"start":{"line":82,"column":2},"end":{"line":82,"column":14}},"13":{"start":{"line":89,"column":2},"end":{"line":91,"column":3}},"14":{"start":{"line":90,"column":4},"end":{"line":90,"column":16}},"15":{"start":{"line":93,"column":2},"end":{"line":103,"column":3}},"16":{"start":{"line":94,"column":4},"end":{"line":98,"column":5}},"17":{"start":{"line":95,"column":6},"end":{"line":97,"column":10}},"18":{"start":{"line":99,"column":4},"end":{"line":101,"column":5}},"19":{"start":{"line":100,"column":6},"end":{"line":100,"column":82}},"20":{"start":{"line":102,"column":4},"end":{"line":102,"column":39}},"21":{"start":{"line":105,"column":2},"end":{"line":115,"column":3}},"22":{"start":{"line":106,"column":4},"end":{"line":110,"column":5}},"23":{"start":{"line":107,"column":6},"end":{"line":109,"column":10}},"24":{"start":{"line":111,"column":4},"end":{"line":113,"column":5}},"25":{"start":{"line":112,"column":6},"end":{"line":112,"column":73}},"26":{"start":{"line":114,"column":4},"end":{"line":114,"column":39}},"27":{"start":{"line":117,"column":2},"end":{"line":117,"column":58}},"28":{"start":{"line":123,"column":2},"end":{"line":123,"column":78}},"29":{"start":{"line":132,"column":2},"end":{"line":137,"column":3}},"30":{"start":{"line":133,"column":4},"end":{"line":136,"column":6}},"31":{"start":{"line":139,"column":2},"end":{"line":144,"column":3}},"32":{"start":{"line":140,"column":4},"end":{"line":143,"column":6}},"33":{"start":{"line":146,"column":20},"end":{"line":146,"column":37}},"34":{"start":{"line":148,"column":2},"end":{"line":170,"column":3}},"35":{"start":{"line":148,"column":15},"end":{"line":148,"column":16}},"36":{"start":{"line":149,"column":19},"end":{"line":149,"column":30}},"37":{"start":{"line":150,"column":18},"end":{"line":150,"column":40}},"38":{"start":{"line":151,"column":4},"end":{"line":156,"column":5}},"39":{"start":{"line":152,"column":6},"end":{"line":155,"column":8}},"40":{"start":{"line":158,"column":4},"end":{"line":169,"column":5}},"41":{"start":{"line":159,"column":23},"end":{"line":159,"column":48}},"42":{"start":{"line":160,"column":6},"end":{"line":168,"column":7}},"43":{"start":{"line":161,"column":8},"end":{"line":166,"column":9}},"44":{"start":{"line":162,"column":10},"end":{"line":165,"column":12}},"45":{"start":{"line":167,"column":8},"end":{"line":167,"column":32}},"46":{"start":{"line":172,"column":2},"end":{"line":175,"column":4}},"47":{"start":{"line":186,"column":2},"end":{"line":188,"column":3}},"48":{"start":{"line":187,"column":4},"end":{"line":187,"column":42}},"49":{"start":{"line":190,"column":2},"end":{"line":192,"column":3}},"50":{"start":{"line":191,"column":4},"end":{"line":191,"column":24}},"51":{"start":{"line":194,"column":2},"end":{"line":196,"column":3}},"52":{"start":{"line":195,"column":4},"end":{"line":195,"column":50}},"53":{"start":{"line":198,"column":2},"end":{"line":198,"column":11}},"54":{"start":{"line":202,"column":2},"end":{"line":204,"column":3}},"55":{"start":{"line":203,"column":4},"end":{"line":203,"column":32}},"56":{"start":{"line":206,"column":2},"end":{"line":208,"column":3}},"57":{"start":{"line":207,"column":4},"end":{"line":207,"column":38}},"58":{"start":{"line":210,"column":2},"end":{"line":212,"column":3}},"59":{"start":{"line":211,"column":4},"end":{"line":211,"column":36}},"60":{"start":{"line":214,"column":2},"end":{"line":214,"column":19}},"61":{"start":{"line":221,"column":2},"end":{"line":226,"column":3}},"62":{"start":{"line":222,"column":21},"end":{"line":222,"column":46}},"63":{"start":{"line":223,"column":4},"end":{"line":225,"column":5}},"64":{"start":{"line":224,"column":6},"end":{"line":224,"column":42}},"65":{"start":{"line":227,"column":2},"end":{"line":227,"column":38}},"66":{"start":{"line":236,"column":15},"end":{"line":236,"column":32}},"67":{"start":{"line":237,"column":38},"end":{"line":237,"column":40}},"68":{"start":{"line":239,"column":2},"end":{"line":245,"column":3}},"69":{"start":{"line":240,"column":16},"end":{"line":240,"column":44}},"70":{"start":{"line":241,"column":4},"end":{"line":244,"column":5}},"71":{"start":{"line":242,"column":6},"end":{"line":242,"column":20}},"72":{"start":{"line":243,"column":6},"end":{"line":243,"column":26}},"73":{"start":{"line":247,"column":2},"end":{"line":253,"column":5}},"74":{"start":{"line":248,"column":22},"end":{"line":248,"column":67}},"75":{"start":{"line":249,"column":4},"end":{"line":251,"column":5}},"76":{"start":{"line":250,"column":6},"end":{"line":250,"column":23}},"77":{"start":{"line":252,"column":4},"end":{"line":252,"column":72}},"78":{"start":{"line":261,"column":2},"end":{"line":261,"column":47}},"79":{"start":{"line":271,"column":2},"end":{"line":273,"column":3}},"80":{"start":{"line":272,"column":4},"end":{"line":272,"column":18}},"81":{"start":{"line":275,"column":2},"end":{"line":281,"column":3}},"82":{"start":{"line":276,"column":21},"end":{"line":276,"column":46}},"83":{"start":{"line":277,"column":4},"end":{"line":279,"column":5}},"84":{"start":{"line":278,"column":6},"end":{"line":278,"column":42}},"85":{"start":{"line":280,"column":4},"end":{"line":280,"column":53}},"86":{"start":{"line":283,"column":2},"end":{"line":283,"column":27}},"87":{"start":{"line":295,"column":21},"end":{"line":295,"column":46}},"88":{"start":{"line":296,"column":2},"end":{"line":321,"column":5}},"89":{"start":{"line":297,"column":4},"end":{"line":304,"column":5}},"90":{"start":{"line":298,"column":6},"end":{"line":303,"column":8}},"91":{"start":{"line":306,"column":4},"end":{"line":313,"column":5}},"92":{"start":{"line":307,"column":6},"end":{"line":312,"column":8}},"93":{"start":{"line":315,"column":4},"end":{"line":320,"column":6}},"94":{"start":{"line":331,"column":52},"end":{"line":331,"column":71}},"95":{"start":{"line":339,"column":2},"end":{"line":341,"column":3}},"96":{"start":{"line":340,"column":4},"end":{"line":340,"column":27}},"97":{"start":{"line":342,"column":2},"end":{"line":342,"column":17}}},"fnMap":{"0":{"name":"isSemanticDetent","decl":{"start":{"line":37,"column":16},"end":{"line":37,"column":32}},"loc":{"start":{"line":39,"column":28},"end":{"line":44,"column":1}},"line":39},"1":{"name":"isFractionDetent","decl":{"start":{"line":46,"column":16},"end":{"line":46,"column":32}},"loc":{"start":{"line":48,"column":28},"end":{"line":55,"column":1}},"line":48},"2":{"name":"isPointsDetent","decl":{"start":{"line":57,"column":16},"end":{"line":57,"column":30}},"loc":{"start":{"line":59,"column":26},"end":{"line":66,"column":1}},"line":59},"3":{"name":"validateCustomId","decl":{"start":{"line":72,"column":9},"end":{"line":72,"column":25}},"loc":{"start":{"line":72,"column":54},"end":{"line":83,"column":1}},"line":72},"4":{"name":"validateDetent","decl":{"start":{"line":88,"column":16},"end":{"line":88,"column":30}},"loc":{"start":{"line":88,"column":73},"end":{"line":118,"column":1}},"line":88},"5":{"name":"getCustomDetentId","decl":{"start":{"line":120,"column":9},"end":{"line":120,"column":26}},"loc":{"start":{"line":122,"column":17},"end":{"line":124,"column":1}},"line":122},"6":{"name":"validateDetents","decl":{"start":{"line":129,"column":16},"end":{"line":129,"column":31}},"loc":{"start":{"line":131,"column":26},"end":{"line":176,"column":1}},"line":131},"7":{"name":"getDetentSortValue","decl":{"start":{"line":185,"column":16},"end":{"line":185,"column":34}},"loc":{"start":{"line":185,"column":70},"end":{"line":199,"column":1}},"line":185},"8":{"name":"getResolvedDetentKey","decl":{"start":{"line":201,"column":9},"end":{"line":201,"column":29}},"loc":{"start":{"line":201,"column":65},"end":{"line":215,"column":1}},"line":201},"9":{"name":"getDetentIdentifier","decl":{"start":{"line":220,"column":16},"end":{"line":220,"column":35}},"loc":{"start":{"line":220,"column":71},"end":{"line":228,"column":1}},"line":220},"10":{"name":"normalizeDetents","decl":{"start":{"line":233,"column":16},"end":{"line":233,"column":32}},"loc":{"start":{"line":235,"column":23},"end":{"line":254,"column":1}},"line":235},"11":{"name":"(anonymous_11)","decl":{"start":{"line":247,"column":21},"end":{"line":247,"column":22}},"loc":{"start":{"line":247,"column":31},"end":{"line":253,"column":3}},"line":247},"12":{"name":"sanitizeIdentifier","decl":{"start":{"line":260,"column":9},"end":{"line":260,"column":27}},"loc":{"start":{"line":260,"column":51},"end":{"line":262,"column":1}},"line":260},"13":{"name":"detentToNativeIdentifier","decl":{"start":{"line":267,"column":16},"end":{"line":267,"column":40}},"loc":{"start":{"line":270,"column":10},"end":{"line":284,"column":1}},"line":270},"14":{"name":"detentsToNativeConfig","decl":{"start":{"line":289,"column":16},"end":{"line":289,"column":37}},"loc":{"start":{"line":294,"column":3},"end":{"line":322,"column":1}},"line":294},"15":{"name":"(anonymous_15)","decl":{"start":{"line":296,"column":24},"end":{"line":296,"column":25}},"loc":{"start":{"line":296,"column":43},"end":{"line":321,"column":3}},"line":296},"16":{"name":"getDetentsWithDefaults","decl":{"start":{"line":336,"column":16},"end":{"line":336,"column":38}},"loc":{"start":{"line":338,"column":23},"end":{"line":343,"column":1}},"line":338}},"branchMap":{"0":{"loc":{"start":{"line":41,"column":4},"end":{"line":42,"column":55}},"type":"binary-expr","locations":[{"start":{"line":41,"column":4},"end":{"line":41,"column":30}},{"start":{"line":42,"column":4},"end":{"line":42,"column":55}}],"line":41},"1":{"loc":{"start":{"line":50,"column":4},"end":{"line":53,"column":30}},"type":"binary-expr","locations":[{"start":{"line":50,"column":4},"end":{"line":50,"column":30}},{"start":{"line":51,"column":4},"end":{"line":51,"column":19}},{"start":{"line":52,"column":4},"end":{"line":52,"column":20}},{"start":{"line":53,"column":4},"end":{"line":53,"column":30}}],"line":50},"2":{"loc":{"start":{"line":61,"column":4},"end":{"line":64,"column":28}},"type":"binary-expr","locations":[{"start":{"line":61,"column":4},"end":{"line":61,"column":30}},{"start":{"line":62,"column":4},"end":{"line":62,"column":19}},{"start":{"line":63,"column":4},"end":{"line":63,"column":20}},{"start":{"line":64,"column":4},"end":{"line":64,"column":28}}],"line":61},"3":{"loc":{"start":{"line":73,"column":2},"end":{"line":75,"column":3}},"type":"if","locations":[{"start":{"line":73,"column":2},"end":{"line":75,"column":3}},{"start":{},"end":{}}],"line":73},"4":{"loc":{"start":{"line":76,"column":2},"end":{"line":78,"column":3}},"type":"if","locations":[{"start":{"line":76,"column":2},"end":{"line":78,"column":3}},{"start":{},"end":{}}],"line":76},"5":{"loc":{"start":{"line":79,"column":2},"end":{"line":81,"column":3}},"type":"if","locations":[{"start":{"line":79,"column":2},"end":{"line":81,"column":3}},{"start":{},"end":{}}],"line":79},"6":{"loc":{"start":{"line":89,"column":2},"end":{"line":91,"column":3}},"type":"if","locations":[{"start":{"line":89,"column":2},"end":{"line":91,"column":3}},{"start":{},"end":{}}],"line":89},"7":{"loc":{"start":{"line":93,"column":2},"end":{"line":103,"column":3}},"type":"if","locations":[{"start":{"line":93,"column":2},"end":{"line":103,"column":3}},{"start":{},"end":{}}],"line":93},"8":{"loc":{"start":{"line":94,"column":4},"end":{"line":98,"column":5}},"type":"if","locations":[{"start":{"line":94,"column":4},"end":{"line":98,"column":5}},{"start":{},"end":{}}],"line":94},"9":{"loc":{"start":{"line":94,"column":8},"end":{"line":94,"column":74}},"type":"binary-expr","locations":[{"start":{"line":94,"column":8},"end":{"line":94,"column":40}},{"start":{"line":94,"column":44},"end":{"line":94,"column":74}}],"line":94},"10":{"loc":{"start":{"line":99,"column":4},"end":{"line":101,"column":5}},"type":"if","locations":[{"start":{"line":99,"column":4},"end":{"line":101,"column":5}},{"start":{},"end":{}}],"line":99},"11":{"loc":{"start":{"line":99,"column":8},"end":{"line":99,"column":44}},"type":"binary-expr","locations":[{"start":{"line":99,"column":8},"end":{"line":99,"column":24}},{"start":{"line":99,"column":28},"end":{"line":99,"column":44}}],"line":99},"12":{"loc":{"start":{"line":105,"column":2},"end":{"line":115,"column":3}},"type":"if","locations":[{"start":{"line":105,"column":2},"end":{"line":115,"column":3}},{"start":{},"end":{}}],"line":105},"13":{"loc":{"start":{"line":106,"column":4},"end":{"line":110,"column":5}},"type":"if","locations":[{"start":{"line":106,"column":4},"end":{"line":110,"column":5}},{"start":{},"end":{}}],"line":106},"14":{"loc":{"start":{"line":106,"column":8},"end":{"line":106,"column":74}},"type":"binary-expr","locations":[{"start":{"line":106,"column":8},"end":{"line":106,"column":40}},{"start":{"line":106,"column":44},"end":{"line":106,"column":74}}],"line":106},"15":{"loc":{"start":{"line":111,"column":4},"end":{"line":113,"column":5}},"type":"if","locations":[{"start":{"line":111,"column":4},"end":{"line":113,"column":5}},{"start":{},"end":{}}],"line":111},"16":{"loc":{"start":{"line":123,"column":9},"end":{"line":123,"column":77}},"type":"cond-expr","locations":[{"start":{"line":123,"column":61},"end":{"line":123,"column":70}},{"start":{"line":123,"column":73},"end":{"line":123,"column":77}}],"line":123},"17":{"loc":{"start":{"line":123,"column":9},"end":{"line":123,"column":58}},"type":"binary-expr","locations":[{"start":{"line":123,"column":9},"end":{"line":123,"column":38}},{"start":{"line":123,"column":42},"end":{"line":123,"column":58}}],"line":123},"18":{"loc":{"start":{"line":132,"column":2},"end":{"line":137,"column":3}},"type":"if","locations":[{"start":{"line":132,"column":2},"end":{"line":137,"column":3}},{"start":{},"end":{}}],"line":132},"19":{"loc":{"start":{"line":139,"column":2},"end":{"line":144,"column":3}},"type":"if","locations":[{"start":{"line":139,"column":2},"end":{"line":144,"column":3}},{"start":{},"end":{}}],"line":139},"20":{"loc":{"start":{"line":151,"column":4},"end":{"line":156,"column":5}},"type":"if","locations":[{"start":{"line":151,"column":4},"end":{"line":156,"column":5}},{"start":{},"end":{}}],"line":151},"21":{"loc":{"start":{"line":158,"column":4},"end":{"line":169,"column":5}},"type":"if","locations":[{"start":{"line":158,"column":4},"end":{"line":169,"column":5}},{"start":{},"end":{}}],"line":158},"22":{"loc":{"start":{"line":158,"column":8},"end":{"line":158,"column":58}},"type":"binary-expr","locations":[{"start":{"line":158,"column":8},"end":{"line":158,"column":32}},{"start":{"line":158,"column":36},"end":{"line":158,"column":58}}],"line":158},"23":{"loc":{"start":{"line":160,"column":6},"end":{"line":168,"column":7}},"type":"if","locations":[{"start":{"line":160,"column":6},"end":{"line":168,"column":7}},{"start":{},"end":{}}],"line":160},"24":{"loc":{"start":{"line":161,"column":8},"end":{"line":166,"column":9}},"type":"if","locations":[{"start":{"line":161,"column":8},"end":{"line":166,"column":9}},{"start":{},"end":{}}],"line":161},"25":{"loc":{"start":{"line":186,"column":2},"end":{"line":188,"column":3}},"type":"if","locations":[{"start":{"line":186,"column":2},"end":{"line":188,"column":3}},{"start":{},"end":{}}],"line":186},"26":{"loc":{"start":{"line":190,"column":2},"end":{"line":192,"column":3}},"type":"if","locations":[{"start":{"line":190,"column":2},"end":{"line":192,"column":3}},{"start":{},"end":{}}],"line":190},"27":{"loc":{"start":{"line":194,"column":2},"end":{"line":196,"column":3}},"type":"if","locations":[{"start":{"line":194,"column":2},"end":{"line":196,"column":3}},{"start":{},"end":{}}],"line":194},"28":{"loc":{"start":{"line":202,"column":2},"end":{"line":204,"column":3}},"type":"if","locations":[{"start":{"line":202,"column":2},"end":{"line":204,"column":3}},{"start":{},"end":{}}],"line":202},"29":{"loc":{"start":{"line":206,"column":2},"end":{"line":208,"column":3}},"type":"if","locations":[{"start":{"line":206,"column":2},"end":{"line":208,"column":3}},{"start":{},"end":{}}],"line":206},"30":{"loc":{"start":{"line":210,"column":2},"end":{"line":212,"column":3}},"type":"if","locations":[{"start":{"line":210,"column":2},"end":{"line":212,"column":3}},{"start":{},"end":{}}],"line":210},"31":{"loc":{"start":{"line":221,"column":2},"end":{"line":226,"column":3}},"type":"if","locations":[{"start":{"line":221,"column":2},"end":{"line":226,"column":3}},{"start":{},"end":{}}],"line":221},"32":{"loc":{"start":{"line":221,"column":6},"end":{"line":221,"column":56}},"type":"binary-expr","locations":[{"start":{"line":221,"column":6},"end":{"line":221,"column":30}},{"start":{"line":221,"column":34},"end":{"line":221,"column":56}}],"line":221},"33":{"loc":{"start":{"line":223,"column":4},"end":{"line":225,"column":5}},"type":"if","locations":[{"start":{"line":223,"column":4},"end":{"line":225,"column":5}},{"start":{},"end":{}}],"line":223},"34":{"loc":{"start":{"line":241,"column":4},"end":{"line":244,"column":5}},"type":"if","locations":[{"start":{"line":241,"column":4},"end":{"line":244,"column":5}},{"start":{},"end":{}}],"line":241},"35":{"loc":{"start":{"line":249,"column":4},"end":{"line":251,"column":5}},"type":"if","locations":[{"start":{"line":249,"column":4},"end":{"line":251,"column":5}},{"start":{},"end":{}}],"line":249},"36":{"loc":{"start":{"line":271,"column":2},"end":{"line":273,"column":3}},"type":"if","locations":[{"start":{"line":271,"column":2},"end":{"line":273,"column":3}},{"start":{},"end":{}}],"line":271},"37":{"loc":{"start":{"line":275,"column":2},"end":{"line":281,"column":3}},"type":"if","locations":[{"start":{"line":275,"column":2},"end":{"line":281,"column":3}},{"start":{},"end":{}}],"line":275},"38":{"loc":{"start":{"line":275,"column":6},"end":{"line":275,"column":56}},"type":"binary-expr","locations":[{"start":{"line":275,"column":6},"end":{"line":275,"column":30}},{"start":{"line":275,"column":34},"end":{"line":275,"column":56}}],"line":275},"39":{"loc":{"start":{"line":277,"column":4},"end":{"line":279,"column":5}},"type":"if","locations":[{"start":{"line":277,"column":4},"end":{"line":279,"column":5}},{"start":{},"end":{}}],"line":277},"40":{"loc":{"start":{"line":297,"column":4},"end":{"line":304,"column":5}},"type":"if","locations":[{"start":{"line":297,"column":4},"end":{"line":304,"column":5}},{"start":{},"end":{}}],"line":297},"41":{"loc":{"start":{"line":306,"column":4},"end":{"line":313,"column":5}},"type":"if","locations":[{"start":{"line":306,"column":4},"end":{"line":313,"column":5}},{"start":{},"end":{}}],"line":306},"42":{"loc":{"start":{"line":339,"column":2},"end":{"line":341,"column":3}},"type":"if","locations":[{"start":{"line":339,"column":2},"end":{"line":341,"column":3}},{"start":{},"end":{}}],"line":339},"43":{"loc":{"start":{"line":339,"column":6},"end":{"line":339,"column":38}},"type":"binary-expr","locations":[{"start":{"line":339,"column":6},"end":{"line":339,"column":14}},{"start":{"line":339,"column":18},"end":{"line":339,"column":38}}],"line":339}},"s":{"0":8,"1":8,"2":8,"3":296,"4":81,"5":61,"6":5,"7":3,"8":2,"9":0,"10":2,"11":0,"12":2,"13":43,"14":35,"15":8,"16":4,"17":0,"18":4,"19":2,"20":2,"21":4,"22":4,"23":0,"24":4,"25":1,"26":3,"27":0,"28":11,"29":19,"30":0,"31":19,"32":0,"33":19,"34":19,"35":19,"36":40,"37":40,"38":40,"39":1,"40":39,"41":5,"42":5,"43":2,"44":1,"45":1,"46":17,"47":98,"48":84,"49":14,"50":6,"51":8,"52":8,"53":0,"54":82,"55":72,"56":10,"57":3,"58":7,"59":7,"60":0,"61":3,"62":2,"63":2,"64":1,"65":2,"66":35,"67":35,"68":35,"69":80,"70":80,"71":78,"72":78,"73":35,"74":49,"75":49,"76":49,"77":0,"78":1,"79":37,"80":33,"81":4,"82":4,"83":4,"84":1,"85":3,"86":0,"87":17,"88":17,"89":36,"90":33,"91":3,"92":1,"93":2,"94":8,"95":0,"96":0,"97":0},"f":{"0":296,"1":81,"2":61,"3":5,"4":43,"5":11,"6":19,"7":98,"8":82,"9":3,"10":35,"11":49,"12":1,"13":37,"14":17,"15":36,"16":0},"b":{"0":[296,257],"1":[81,46,46,46],"2":[61,26,26,26],"3":[3,2],"4":[0,2],"5":[0,2],"6":[35,8],"7":[4,4],"8":[0,4],"9":[4,4],"10":[2,2],"11":[4,4],"12":[4,0],"13":[0,4],"14":[4,4],"15":[1,3],"16":[4,7],"17":[11,4],"18":[0,19],"19":[0,19],"20":[1,39],"21":[5,34],"22":[39,37],"23":[2,3],"24":[1,1],"25":[84,14],"26":[6,8],"27":[8,0],"28":[72,10],"29":[3,7],"30":[7,0],"31":[2,1],"32":[3,2],"33":[1,1],"34":[78,2],"35":[49,0],"36":[33,4],"37":[4,0],"38":[4,3],"39":[1,3],"40":[33,3],"41":[1,2],"42":[0,0],"43":[0,0]},"_coverageSchema":"1a1c01bbd47fc00a2c39e90264f33305004495a9","hash":"831a96c843ae3af9e0040ddf5951fe9e227f2a68"}
}
