TN:
SF:example/src/App.tsx
FN:12,resolveAnimatedBottomSheet
FN:44,App
FN:66,(anonymous_2)
FN:73,(anonymous_3)
FN:84,(anonymous_4)
FN:91,(anonymous_5)
FN:95,(anonymous_6)
FN:103,(anonymous_7)
FN:104,(anonymous_8)
FN:107,(anonymous_9)
FN:136,(anonymous_10)
FN:138,(anonymous_11)
FN:140,(anonymous_12)
FN:142,(anonymous_13)
FN:144,(anonymous_14)
FN:148,(anonymous_15)
FN:148,(anonymous_16)
FN:153,(anonymous_17)
FN:153,(anonymous_18)
FN:158,(anonymous_19)
FN:158,(anonymous_20)
FN:179,(anonymous_21)
FN:180,(anonymous_22)
FN:181,(anonymous_23)
FN:182,(anonymous_24)
FN:192,(anonymous_25)
FN:197,(anonymous_26)
FN:201,(anonymous_27)
FNF:28
FNH:23
FNDA:1,resolveAnimatedBottomSheet
FNDA:8,App
FNDA:2,(anonymous_2)
FNDA:2,(anonymous_3)
FNDA:1,(anonymous_4)
FNDA:0,(anonymous_5)
FNDA:0,(anonymous_6)
FNDA:1,(anonymous_7)
FNDA:1,(anonymous_8)
FNDA:8,(anonymous_9)
FNDA:1,(anonymous_10)
FNDA:1,(anonymous_11)
FNDA:0,(anonymous_12)
FNDA:0,(anonymous_13)
FNDA:1,(anonymous_14)
FNDA:1,(anonymous_15)
FNDA:1,(anonymous_16)
FNDA:1,(anonymous_17)
FNDA:1,(anonymous_18)
FNDA:1,(anonymous_19)
FNDA:1,(anonymous_20)
FNDA:1,(anonymous_21)
FNDA:1,(anonymous_22)
FNDA:1,(anonymous_23)
FNDA:1,(anonymous_24)
FNDA:1,(anonymous_25)
FNDA:1,(anonymous_26)
FNDA:0,(anonymous_27)
DA:16,1
DA:17,1
DA:23,0
DA:24,0
DA:35,1
DA:45,8
DA:46,8
DA:47,8
DA:48,8
DA:49,8
DA:50,8
DA:51,8
DA:53,8
DA:54,8
DA:56,8
DA:58,8
DA:63,8
DA:65,8
DA:67,2
DA:72,8
DA:74,2
DA:75,2
DA:76,2
DA:81,8
DA:82,8
DA:84,8
DA:85,1
DA:86,1
DA:89,8
DA:92,0
DA:93,0
DA:96,0
DA:97,0
DA:98,0
DA:103,8
DA:104,1
DA:107,8
DA:110,8
DA:111,8
DA:113,0
DA:116,8
DA:136,1
DA:138,1
DA:140,0
DA:142,0
DA:144,1
DA:148,1
DA:153,1
DA:158,1
DA:179,1
DA:180,1
DA:181,1
DA:182,1
DA:192,1
DA:197,1
DA:201,0
DA:208,1
LF:57
LH:46
BRDA:23,0,0,0
BRDA:23,0,1,0
BRDA:63,1,0,8
BRDA:63,1,1,0
BRDA:110,2,0,8
BRDA:110,2,1,0
BRDA:120,3,0,6
BRDA:120,3,1,2
BRDA:121,4,0,8
BRDA:121,4,1,0
BRDA:124,5,0,4
BRDA:124,5,1,4
BRDA:125,6,0,4
BRDA:125,6,1,4
BRDA:128,7,0,4
BRDA:128,7,1,4
BRDA:132,8,0,7
BRDA:132,8,1,1
BRDA:134,9,0,0
BRDA:134,9,1,8
BRDA:187,10,0,7
BRDA:187,10,1,1
BRDA:189,11,0,7
BRDA:189,11,1,1
BRF:24
BRH:18
end_of_record
TN:
SF:src/index.tsx
FNF:0
FNH:0
DA:33,1
LF:1
LH:1
BRF:0
BRH:0
end_of_record
TN:
SF:src/components/BottomSheet.tsx
FN:38,BottomSheet
FN:60,(anonymous_1)
FN:69,(anonymous_2)
FN:73,(anonymous_3)
FN:77,(anonymous_4)
FN:81,(anonymous_5)
FN:89,(anonymous_6)
FN:94,(anonymous_7)
FN:103,(anonymous_8)
FN:109,(anonymous_9)
FN:119,(anonymous_10)
FN:127,(anonymous_11)
FN:128,(anonymous_12)
FN:146,(anonymous_13)
FN:164,(anonymous_14)
FN:172,(anonymous_15)
FNF:16
FNH:16
FNDA:22,BottomSheet
FNDA:14,(anonymous_1)
FNDA:14,(anonymous_2)
FNDA:14,(anonymous_3)
FNDA:14,(anonymous_4)
FNDA:16,(anonymous_5)
FNDA:14,(anonymous_6)
FNDA:6,(anonymous_7)
FNDA:2,(anonymous_8)
FNDA:14,(anonymous_9)
FNDA:14,(anonymous_10)
FNDA:6,(anonymous_11)
FNDA:4,(anonymous_12)
FNDA:3,(anonymous_13)
FNDA:3,(anonymous_14)
FNDA:1,(anonymous_15)
DA:37,5
DA:39,22
DA:40,22
DA:58,22
DA:60,22
DA:61,14
DA:62,6
DA:64,8
DA:66,22
DA:68,22
DA:69,14
DA:72,22
DA:73,14
DA:76,22
DA:77,14
DA:80,22
DA:81,16
DA:85,22
DA:89,22
DA:90,14
DA:93,22
DA:95,6
DA:96,2
DA:98,6
DA:102,22
DA:104,2
DA:108,22
DA:110,14
DA:119,22
DA:120,14
DA:121,0
DA:125,22
DA:127,6
DA:129,4
DA:130,0
DA:131,0
DA:133,0
DA:134,0
DA:135,0
DA:138,4
DA:139,2
DA:140,2
DA:143,2
DA:144,2
DA:147,3
DA:148,0
DA:149,0
DA:151,0
DA:152,0
DA:153,0
DA:156,3
DA:157,2
DA:158,2
DA:161,1
DA:162,1
DA:165,3
DA:166,0
DA:167,0
DA:170,3
DA:173,1
DA:174,0
DA:175,0
DA:178,1
DA:184,22
DA:185,0
DA:188,22
DA:213,5
LF:67
LH:51
BRDA:52,0,0,22
BRDA:53,1,0,22
BRDA:55,2,0,22
BRDA:56,3,0,22
BRDA:61,4,0,6
BRDA:61,4,1,8
BRDA:61,5,0,14
BRDA:61,5,1,6
BRDA:85,6,0,12
BRDA:85,6,1,10
BRDA:95,7,0,2
BRDA:95,7,1,4
BRDA:120,8,0,0
BRDA:120,8,1,14
BRDA:129,9,0,0
BRDA:129,9,1,4
BRDA:130,10,0,0
BRDA:130,10,1,0
BRDA:138,11,0,2
BRDA:138,11,1,2
BRDA:147,12,0,0
BRDA:147,12,1,3
BRDA:148,13,0,0
BRDA:148,13,1,0
BRDA:156,14,0,2
BRDA:156,14,1,1
BRDA:165,15,0,0
BRDA:165,15,1,3
BRDA:173,16,0,0
BRDA:173,16,1,1
BRDA:178,17,0,1
BRDA:178,17,1,0
BRDA:184,18,0,0
BRDA:184,18,1,22
BRF:34
BRH:23
end_of_record
TN:
SF:src/components/BottomSheetNativeView.tsx
FNF:0
FNH:0
DA:22,1
LF:1
LH:1
BRF:0
BRH:0
end_of_record
TN:
SF:src/components/bottom-sheet-utils.ts
FN:19,isControlledProps
FN:25,toNativeDetentConfig
FN:40,(anonymous_2)
FN:48,toNativeBackgroundInteraction
FN:71,resolveInitialDetentIndex
FN:80,resolveSelectedDetentIndex
FN:104,createLifecycleHandlers
FN:111,(anonymous_7)
FN:114,(anonymous_8)
FN:117,(anonymous_9)
FN:120,(anonymous_10)
FN:126,assertDetentIndex
FNF:12
FNH:12
FNDA:46,isControlledProps
FNDA:17,toNativeDetentConfig
FNDA:34,(anonymous_2)
FNDA:19,toNativeBackgroundInteraction
FNDA:17,resolveInitialDetentIndex
FNDA:19,resolveSelectedDetentIndex
FNDA:16,createLifecycleHandlers
FNDA:4,(anonymous_7)
FNDA:4,(anonymous_8)
FNDA:4,(anonymous_9)
FNDA:4,(anonymous_10)
FNDA:23,assertDetentIndex
DA:17,7
DA:22,46
DA:28,17
DA:29,17
DA:31,17
DA:32,1
DA:39,16
DA:40,34
DA:51,19
DA:52,15
DA:55,4
DA:56,1
DA:59,3
DA:60,3
DA:61,2
DA:68,1
DA:75,17
DA:76,17
DA:77,16
DA:84,19
DA:85,13
DA:88,6
DA:89,5
DA:108,16
DA:110,16
DA:112,4
DA:115,4
DA:118,4
DA:121,4
DA:131,23
DA:132,0
DA:137,23
DA:138,2
LF:33
LH:32
BRDA:28,0,0,17
BRDA:28,0,1,12
BRDA:31,1,0,1
BRDA:31,1,1,16
BRDA:31,2,0,17
BRDA:31,2,1,16
BRDA:34,3,0,1
BRDA:34,3,1,0
BRDA:51,4,0,15
BRDA:51,4,1,4
BRDA:55,5,0,1
BRDA:55,5,1,3
BRDA:55,6,0,4
BRDA:55,6,1,4
BRDA:60,7,0,2
BRDA:60,7,1,1
BRDA:60,8,0,3
BRDA:60,8,1,2
BRDA:75,9,0,17
BRDA:75,9,1,14
BRDA:84,10,0,13
BRDA:84,10,1,6
BRDA:131,11,0,0
BRDA:131,11,1,23
BRDA:137,12,0,2
BRDA:137,12,1,21
BRDA:137,13,0,23
BRDA:137,13,1,22
BRF:28
BRH:26
end_of_record
TN:
SF:src/navigation/bottom-sheet-adapter.ts
FN:37,handleRouteSync
FN:60,createBottomSheetNavigationAdapter
FN:65,(anonymous_2)
FN:81,useBottomSheetNavigation
FN:89,(anonymous_4)
FN:91,(anonymous_5)
FNF:6
FNH:6
FNDA:5,handleRouteSync
FNDA:3,createBottomSheetNavigationAdapter
FNDA:2,(anonymous_2)
FNDA:2,useBottomSheetNavigation
FNDA:2,(anonymous_4)
FNDA:3,(anonymous_5)
DA:44,5
DA:45,2
DA:48,3
DA:49,1
DA:50,1
DA:53,2
DA:63,3
DA:66,2
DA:67,2
DA:84,2
DA:85,2
DA:86,2
DA:88,2
DA:89,2
DA:92,3
DA:93,3
LF:16
LH:16
BRDA:44,0,0,2
BRDA:44,0,1,3
BRDA:48,1,0,1
BRDA:48,1,1,2
BRF:4
BRH:4
end_of_record
TN:
SF:src/platform/fallback.ts
FN:17,isNativeSheetSupported
FN:24,getPlatformName
FN:37,warnUnsupportedPlatform
FN:50,warnUnsupportedFeature
FN:77,getFallbackState
FN:97,guardNativeOnly
FN:111,createFallbackMethod
FN:112,(anonymous_7)
FN:158,getPlatformConfig
FNF:9
FNH:7
FNDA:5,isNativeSheetSupported
FNDA:3,getPlatformName
FNDA:3,warnUnsupportedPlatform
FNDA:0,warnUnsupportedFeature
FNDA:2,getFallbackState
FNDA:1,guardNativeOnly
FNDA:1,createFallbackMethod
FNDA:1,(anonymous_7)
FNDA:0,getPlatformConfig
DA:18,5
DA:25,3
DA:32,1
DA:38,3
DA:39,2
DA:51,0
DA:52,0
DA:78,2
DA:79,1
DA:82,1
DA:101,1
DA:102,1
DA:103,1
DA:105,0
DA:112,1
DA:113,1
DA:124,1
DA:159,0
DA:160,0
LF:19
LH:14
BRDA:38,0,0,2
BRDA:38,0,1,1
BRDA:51,1,0,0
BRDA:51,1,1,0
BRDA:78,2,0,1
BRDA:78,2,1,1
BRDA:101,3,0,1
BRDA:101,3,1,0
BRDA:160,4,0,0
BRDA:160,4,1,0
BRF:10
BRH:5
end_of_record
TN:
SF:src/utils/detents.ts
FN:37,isSemanticDetent
FN:46,isFractionDetent
FN:57,isPointsDetent
FN:72,validateCustomId
FN:88,validateDetent
FN:120,getCustomDetentId
FN:129,validateDetents
FN:185,getDetentSortValue
FN:201,getResolvedDetentKey
FN:220,getDetentIdentifier
FN:233,normalizeDetents
FN:247,(anonymous_11)
FN:260,sanitizeIdentifier
FN:267,detentToNativeIdentifier
FN:289,detentsToNativeConfig
FN:296,(anonymous_15)
FN:336,getDetentsWithDefaults
FNF:17
FNH:16
FNDA:296,isSemanticDetent
FNDA:81,isFractionDetent
FNDA:61,isPointsDetent
FNDA:5,validateCustomId
FNDA:43,validateDetent
FNDA:11,getCustomDetentId
FNDA:19,validateDetents
FNDA:98,getDetentSortValue
FNDA:82,getResolvedDetentKey
FNDA:3,getDetentIdentifier
FNDA:35,normalizeDetents
FNDA:49,(anonymous_11)
FNDA:1,sanitizeIdentifier
FNDA:37,detentToNativeIdentifier
FNDA:17,detentsToNativeConfig
FNDA:36,(anonymous_15)
FNDA:0,getDetentsWithDefaults
DA:20,8
DA:25,8
DA:31,8
DA:40,296
DA:49,81
DA:60,61
DA:73,5
DA:74,3
DA:76,2
DA:77,0
DA:79,2
DA:80,0
DA:82,2
DA:89,43
DA:90,35
DA:93,8
DA:94,4
DA:95,0
DA:99,4
DA:100,2
DA:102,2
DA:105,4
DA:106,4
DA:107,0
DA:111,4
DA:112,1
DA:114,3
DA:117,0
DA:123,11
DA:132,19
DA:133,0
DA:139,19
DA:140,0
DA:146,19
DA:148,19
DA:149,40
DA:150,40
DA:151,40
DA:152,1
DA:158,39
DA:159,5
DA:160,5
DA:161,2
DA:162,1
DA:167,1
DA:172,17
DA:186,98
DA:187,84
DA:190,14
DA:191,6
DA:194,8
DA:195,8
DA:198,0
DA:202,82
DA:203,72
DA:206,10
DA:207,3
DA:210,7
DA:211,7
DA:214,0
DA:221,3
DA:222,2
DA:223,2
DA:224,1
DA:227,2
DA:236,35
DA:237,35
DA:239,35
DA:240,80
DA:241,80
DA:242,78
DA:243,78
DA:247,35
DA:248,49
DA:249,49
DA:250,49
DA:252,0
DA:261,1
DA:271,37
DA:272,33
DA:275,4
DA:276,4
DA:277,4
DA:278,1
DA:280,3
DA:283,0
DA:295,17
DA:296,17
DA:297,36
DA:298,33
DA:306,3
DA:307,1
DA:315,2
DA:331,8
DA:339,0
DA:340,0
DA:342,0
LF:97
LH:83
BRDA:41,0,0,296
BRDA:41,0,1,257
BRDA:50,1,0,81
BRDA:50,1,1,46
BRDA:50,1,2,46
BRDA:50,1,3,46
BRDA:61,2,0,61
BRDA:61,2,1,26
BRDA:61,2,2,26
BRDA:61,2,3,26
BRDA:73,3,0,3
BRDA:73,3,1,2
BRDA:76,4,0,0
BRDA:76,4,1,2
BRDA:79,5,0,0
BRDA:79,5,1,2
BRDA:89,6,0,35
BRDA:89,6,1,8
BRDA:93,7,0,4
BRDA:93,7,1,4
BRDA:94,8,0,0
BRDA:94,8,1,4
BRDA:94,9,0,4
BRDA:94,9,1,4
BRDA:99,10,0,2
BRDA:99,10,1,2
BRDA:99,11,0,4
BRDA:99,11,1,4
BRDA:105,12,0,4
BRDA:105,12,1,0
BRDA:106,13,0,0
BRDA:106,13,1,4
BRDA:106,14,0,4
BRDA:106,14,1,4
BRDA:111,15,0,1
BRDA:111,15,1,3
BRDA:123,16,0,4
BRDA:123,16,1,7
BRDA:123,17,0,11
BRDA:123,17,1,4
BRDA:132,18,0,0
BRDA:132,18,1,19
BRDA:139,19,0,0
BRDA:139,19,1,19
BRDA:151,20,0,1
BRDA:151,20,1,39
BRDA:158,21,0,5
BRDA:158,21,1,34
BRDA:158,22,0,39
BRDA:158,22,1,37
BRDA:160,23,0,2
BRDA:160,23,1,3
BRDA:161,24,0,1
BRDA:161,24,1,1
BRDA:186,25,0,84
BRDA:186,25,1,14
BRDA:190,26,0,6
BRDA:190,26,1,8
BRDA:194,27,0,8
BRDA:194,27,1,0
BRDA:202,28,0,72
BRDA:202,28,1,10
BRDA:206,29,0,3
BRDA:206,29,1,7
BRDA:210,30,0,7
BRDA:210,30,1,0
BRDA:221,31,0,2
BRDA:221,31,1,1
BRDA:221,32,0,3
BRDA:221,32,1,2
BRDA:223,33,0,1
BRDA:223,33,1,1
BRDA:241,34,0,78
BRDA:241,34,1,2
BRDA:249,35,0,49
BRDA:249,35,1,0
BRDA:271,36,0,33
BRDA:271,36,1,4
BRDA:275,37,0,4
BRDA:275,37,1,0
BRDA:275,38,0,4
BRDA:275,38,1,3
BRDA:277,39,0,1
BRDA:277,39,1,3
BRDA:297,40,0,33
BRDA:297,40,1,3
BRDA:306,41,0,1
BRDA:306,41,1,2
BRDA:339,42,0,0
BRDA:339,42,1,0
BRDA:339,43,0,0
BRDA:339,43,1,0
BRF:92
BRH:77
end_of_record
